start: s
accept: ac
reject: rj
blank: _

s _ -> ac _ ^
s 0 -> forward 0 >
s 1 -> forward 1 >

forward _ -> back _ <
forward 0 -> forward 0 >
forward 1 -> forward 1 >
forward zero -> back zero >
forward one -> back one >

back _ -> result_forward _ >
back zero -> back zero <
back one -> back one <
back 0 -> append_zero zero >
back 1 -> append_one one >

append_zero _ -> back zero <
append_zero zero -> append_zero zero >
append_zero one -> append_zero one >

append_one _ -> back one <
append_one zero -> append_one zero >
append_one one -> append_one one >

result_forward _ -> result_back _ <
result_forward zero -> result_forward 0 >
result_forward one -> result_forward 1 >

result_back _ -> ac _ >
result_back 0 -> result_back 0 <
result_back 1 -> result_back 1 <
