start: s
accept: ac
reject: rj
blank: _

s _ -> ac _ ^
s 0 -> first_centre_forward 0 ^
s 1 -> first_centre_forward 1 ^

first_centre_forward _ -> ac _ <
first_centre_forward zero -> result_forward zero <
first_centre_forward one -> result_forward one <
first_centre_forward 0 -> centre_forward zero >
first_centre_forward 1 -> centre_forward one >

centre_forward _ -> first_centre_back _ <
centre_forward zero -> first_centre_back zero <
centre_forward one -> first_centre_back one <
centre_forward 0 -> centre_forward 0 >
centre_forward 1 -> centre_forward 1 >

first_centre_back _ -> ac _ >
first_centre_back zero -> result_forward zero ^
first_centre_back one -> result_forward one ^
first_centre_back 0 -> centre_back zero <
first_centre_back 1 -> centre_back one <

centre_back _ -> first_centre_forward _ >
centre_back zero -> first_centre_forward zero >
centre_back one -> first_centre_forward one >
centre_back 0 -> centre_back 0 <
centre_back 1 -> centre_back 1 <


result_forward _ -> result_back _ <
result_forward zero -> result_forward_zero 0 >
result_forward one -> result_forward_one 1 >

result_forward_zero _ -> result_back_zero _ <
result_forward_zero 0 -> result_forward_zero 0 >
result_forward_zero 1 -> result_forward_zero 1 >
result_forward_zero zero -> result_forward_zero zero >
result_forward_zero one -> result_forward_zero one >

result_forward_one _ -> result_back_one _ <
result_forward_one 0 -> result_forward_one 0 >
result_forward_one 1 -> result_forward_one 1 >
result_forward_one zero -> result_forward_one zero >
result_forward_one one -> result_forward_one one >

result_back_zero _ -> ac _ ^
result_back_zero zero -> result_back_1 _ <
result_back_zero one -> rj _ ^

result_back_one _ -> ac _ ^
result_back_one zero -> rj _ ^
result_back_one one -> result_back_1 _ <

result_back_1 _ -> ac _ ^
result_back_1 0 -> result_back_2 0 <
result_back_1 1 -> result_back_2 1 <
result_back_1 zero -> result_back_1 zero <
result_back_1 one -> result_back_1 one <

result_back_2 _ -> ac _ ^
result_back_2 zero -> result_forward_zero 0 >
result_back_2 one -> result_forward_one 1 >
result_back_2 0 -> result_back_2 0 <
result_back_2 1 -> result_back_2 1 <
