x@lists.debian.org
osamu@debian.org
aron@debian.org
rafael@debian.org
agmartin@debian.org
e2scrub@host.domain.name
jon@jon.demon.co.uk
mike@piratehaven.org
kirkland@canonical.com
langasek@canonical.com
kirkland@canonical.com
kirkland@canonical.com
brian@canonical.com
kel@otaku42.de
devel@lists.alioth.debian.org
devel@lists.alioth.debian.org
alex@googlemail.com
grub@gnu.org
alex@googlemail.com
license@farsiweb.info
maint@lists.alioth.debian.org
maint@lists.alioth.debian.org
maint@lists.alioth.debian.org
maint@lists.alioth.debian.org
and1000@debian.org
pitt@ubuntu.com
jamie@canonical.com
quigley@canonical.com
rene@debian.org
quigley@canonical.com
rene@debian.org
intrigeri@boum.org
davies@canonical.com
quigley@canonical.com
rene@debian.org
jamie@canonical.com
quigley@canonical.com
rene@debian.org
dressler@gmail.com
hmh@debian.org
printing@lists.debian.org
biebl@debian.org
walters@debian.org
sjoerd@debian.org
ejad@debian.org
filippo@debian.org
mario_limonciello@dell.com
iwamatsu@debian.org
tytso@mit.edu
miquels@cistron.nl
hmh@rcm.org.br
rleigh@debian.org
rob@mars.org
agi@inittab.org
mueller@teamix.net
beattie@canonical.com
kees@ubuntu.com
bigon@debian.org
rmurray@debian.org
mail@your.server.com
dave@mielke.cc
user@example.com
64x64@2.tar
128x128@2.tar
Двоичный файл /etc/apt/trusted.gpg совпадает
Двоичный файл /etc/apt/trusted.gpg.d/ubuntu-keyring-2012-archive.gpg совпадает
Двоичный файл /etc/apt/trusted.gpg.d/ubuntu-keyring-2018-archive.gpg совпадает
Двоичный файл /etc/apt/trusted.gpg.d/ubuntu-keyring-2012-cdimage.gpg совпадает
gunnarhj@ubuntu.com
jplejacq@quoininc.com
martin@piware.de
username@site.domain
jtang@tresys.com
jmknoble@mercury.interpath.net
alvar@meiko.co.uk
clameter@debian.org
gunnarhj@ubuntu.com
64@openssh.com
dave@mielke.cc
dave@mielke.cc
dave@mielke.cc
dave@mielke.cc
dave@mielke.cc
dave@mielke.cc
dave@mielke.cc
dave@mielke.cc
dave@mielke.cc
dave@mielke.cc
dave@mielke.cc
billh@gnome.org
dave@mielke.cc
dave@mielke.cc
mlang@delysid.org
dave@mielke.cc
mlang@delysid.org
dave@mielke.cc
dave@mielke.cc
dave@mielke.cc
dave@mielke.cc
nico@fluxnic.net
dave@mielke.cc
dave@mielke.cc
dave@mielke.cc
dave@mielke.cc
dave@mielke.cc
rq@akl.lt
matus@gmail.com
dave@mielke.cc
dave@mielke.cc
nico@fluxnic.net
dave@mielke.cc
mlang@delysid.org
dave@mielke.cc
dave@mielke.cc
mick@kulgan.net
dave@mielke.cc
dave@mielke.cc
dave@mielke.cc
coscell@gmail.com
dave@mielke.cc
dave@mielke.cc
mlang@delysid.org
dave@mielke.cc
dave@mielke.cc
dave@mielke.cc
director@chpi.org
dave@mielke.cc
dave@mielke.cc
dave@mielke.cc
dave@mielke.cc
dave@mielke.cc
dave@mielke.cc
dave@mielke.cc
dave@mielke.cc
dave@mielke.cc
dave@mielke.cc
chlor@schou.dk
dave@mielke.cc
dave@mielke.cc
dave@mielke.cc
dave@mielke.cc
director@chpi.org
Ungier@ViewPlus.com
mramadan@nattiq.com
dave@mielke.cc
dave@mielke.cc
dave@mielke.cc
dave@mielke.cc
dave@mielke.cc
dave@mielke.cc
director@chpi.org
Ungier@ViewPlus.com
mramadan@nattiq.com
dave@mielke.cc
dave@mielke.cc
dave@mielke.cc
dave@mielke.cc
dave@mielke.cc
sable@users.sourceforge.net
dave@mielke.cc
dave@mielke.cc
dave@mielke.cc
dave@mielke.cc
dave@mielke.cc
dave@mielke.cc
dave@mielke.cc
dave@mielke.cc
dave@mielke.cc
dave@mielke.cc
dave@mielke.cc
dave@mielke.cc
dave@mielke.cc
dave@mielke.cc
dave@mielke.cc
dave@mielke.cc
dave@mielke.cc
dave@mielke.cc
dave@mielke.cc
dave@mielke.cc
dave@mielke.cc
dave@mielke.cc
dave@mielke.cc
Ungier@ViewPlus.com
dave@mielke.cc
dave@mielke.cc
dave@mielke.cc
sable@users.sourceforge.net
dave@mielke.cc
dave@mielke.cc
dave@mielke.cc
dave@mielke.cc
director@chpi.org
Ungier@ViewPlus.com
mramadan@nattiq.com
dave@mielke.cc
dave@mielke.cc
dave@mielke.cc
dave@mielke.cc
dave@mielke.cc
dave@mielke.cc
dave@mielke.cc
vtsaran@gmail.com
dave@mielke.cc
dave@mielke.cc
dave@mielke.cc
mardsjo@icap.nu
dave@mielke.cc
director@chpi.org
Ungier@ViewPlus.com
mramadan@nattiq.com
dave@mielke.cc
birkir@midstod.is
dave@mielke.cc
dave@mielke.cc
rq@akl.lt
dave@mielke.cc
dave@mielke.cc
director@chpi.org
Ungier@ViewPlus.com
mramadan@nattiq.com
dave@mielke.cc
dave@mielke.cc
dave@mielke.cc
dave@mielke.cc
dave@mielke.cc
dave@mielke.cc
dave@mielke.cc
dave@mielke.cc
dave@mielke.cc
director@chpi.org
Ungier@ViewPlus.com
mramadan@nattiq.com
dave@mielke.cc
dave@mielke.cc
dave@mielke.cc
dave@mielke.cc
dave@mielke.cc
dave@mielke.cc
dave@mielke.cc
director@chpi.org
Ungier@ViewPlus.com
mramadan@nattiq.com
dave@mielke.cc
adikushnir@gmail.com
dave@mielke.cc
dave@mielke.cc
dave@mielke.cc
Ungier@ViewPlus.com
dave@mielke.cc
dave@mielke.cc
dave@mielke.cc
dave@mielke.cc
dave@mielke.cc
dave@mielke.cc
zsolt@infoalap.hu
dave@mielke.cc
muzeo@wanadoo.fr
dave@mielke.cc
dave@mielke.cc
dave@mielke.cc
director@chpi.org
Ungier@ViewPlus.com
mramadan@nattiq.com
dave@mielke.cc
dave@mielke.cc
dave@mielke.cc
dave@mielke.cc
dave@mielke.cc
dave@mielke.cc
dave@mielke.cc
director@chpi.org
Ungier@ViewPlus.com
mramadan@nattiq.com
dave@mielke.cc
director@chpi.org
Ungier@ViewPlus.com
mramadan@nattiq.com
dave@mielke.cc
dave@mielke.cc
dave@mielke.cc
dave@mielke.cc
director@chpi.org
Ungier@ViewPlus.com
mramadan@nattiq.com
dave@mielke.cc
sivill@viewplus.com
dave@mielke.cc
buchal@brailcom.org
dave@mielke.cc
dave@mielke.cc
dave@mielke.cc
dave@mielke.cc
dave@mielke.cc
dave@mielke.cc
Ungier@ViewPlus.com
dave@mielke.cc
dave@mielke.cc
dave@mielke.cc
dave@mielke.cc
dave@mielke.cc
dave@mielke.cc
dave@mielke.cc
Ungier@ViewPlus.com
dave@mielke.cc
dave@mielke.cc
dave@mielke.cc
dave@mielke.cc
dave@mielke.cc
dave@mielke.cc
dave@mielke.cc
dave@mielke.cc
dave@mielke.cc
dave@mielke.cc
dave@mielke.cc
dave@mielke.cc
dave@mielke.cc
dave@mielke.cc
dave@mielke.cc
dave@mielke.cc
dave@mielke.cc
dave@mielke.cc
dave@mielke.cc
dave@mielke.cc
dave@mielke.cc
dave@mielke.cc
dave@mielke.cc
dave@mielke.cc
dave@mielke.cc
dave@mielke.cc
dave@mielke.cc
dave@mielke.cc
dave@mielke.cc
dave@mielke.cc
dave@mielke.cc
dave@mielke.cc
dave@mielke.cc
dave@mielke.cc
dave@mielke.cc
dave@mielke.cc
dave@mielke.cc
dave@mielke.cc
dave@mielke.cc
dave@mielke.cc
dave@mielke.cc
dave@mielke.cc
dave@mielke.cc
dave@mielke.cc
dave@mielke.cc
dave@mielke.cc
dave@mielke.cc
dave@mielke.cc
dave@mielke.cc
dave@mielke.cc
dave@mielke.cc
dave@mielke.cc
dave@mielke.cc
dave@mielke.cc
dave@mielke.cc
dave@mielke.cc
dave@mielke.cc
dave@mielke.cc
dave@mielke.cc
dave@mielke.cc
dave@mielke.cc
dave@mielke.cc
dave@mielke.cc
dave@mielke.cc
dave@mielke.cc
dave@mielke.cc
dave@mielke.cc
dave@mielke.cc
dave@mielke.cc
dave@mielke.cc
dave@mielke.cc
dave@mielke.cc
dave@mielke.cc
dave@mielke.cc
dave@mielke.cc
dave@mielke.cc
dave@mielke.cc
dave@mielke.cc
dave@mielke.cc
dave@mielke.cc
dave@mielke.cc
dave@mielke.cc
dave@mielke.cc
dave@mielke.cc
dave@mielke.cc
dave@mielke.cc
dave@mielke.cc
dave@mielke.cc
dave@mielke.cc
dave@mielke.cc
dave@mielke.cc
dave@mielke.cc
dave@mielke.cc
dave@mielke.cc
dave@mielke.cc
dave@mielke.cc
dave@mielke.cc
dave@mielke.cc
dave@mielke.cc
dave@mielke.cc
dave@mielke.cc
dave@mielke.cc
dave@mielke.cc
dave@mielke.cc
dave@mielke.cc
dave@mielke.cc
dave@mielke.cc
dave@mielke.cc
dave@mielke.cc
dave@mielke.cc
dave@mielke.cc
dave@mielke.cc
dave@mielke.cc
dave@mielke.cc
dave@mielke.cc
dave@mielke.cc
dave@mielke.cc
dave@mielke.cc
dave@mielke.cc
dave@mielke.cc
dave@mielke.cc
dave@mielke.cc
dave@mielke.cc
dave@mielke.cc
dave@mielke.cc
dave@mielke.cc
dave@mielke.cc
dave@mielke.cc
dave@mielke.cc
dave@mielke.cc
dave@mielke.cc
dave@mielke.cc
dave@mielke.cc
dave@mielke.cc
dave@mielke.cc
dave@mielke.cc
dave@mielke.cc
dave@mielke.cc
dave@mielke.cc
dave@mielke.cc
dave@mielke.cc
dave@mielke.cc
dave@mielke.cc
dave@mielke.cc
dave@mielke.cc
dave@mielke.cc
dave@mielke.cc
dave@mielke.cc
dave@mielke.cc
dave@mielke.cc
dave@mielke.cc
dave@mielke.cc
dave@mielke.cc
dave@mielke.cc
dave@mielke.cc
dave@mielke.cc
dave@mielke.cc
dave@mielke.cc
dave@mielke.cc
dave@mielke.cc
dave@mielke.cc
dave@mielke.cc
dave@mielke.cc
dave@mielke.cc
dave@mielke.cc
dave@mielke.cc
dave@mielke.cc
dave@mielke.cc
dave@mielke.cc
dave@mielke.cc
dave@mielke.cc
dave@mielke.cc
dave@mielke.cc
dave@mielke.cc
dave@mielke.cc
dave@mielke.cc
dave@mielke.cc
dave@mielke.cc
dave@mielke.cc
dave@mielke.cc
dave@mielke.cc
dave@mielke.cc
dave@mielke.cc
dave@mielke.cc
dave@mielke.cc
dave@mielke.cc
dave@mielke.cc
dave@mielke.cc
dave@mielke.cc
dave@mielke.cc
dave@mielke.cc
dave@mielke.cc
dave@mielke.cc
dave@mielke.cc
dave@mielke.cc
dave@mielke.cc
dave@mielke.cc
dave@mielke.cc
dave@mielke.cc
dave@mielke.cc
dave@mielke.cc
dave@mielke.cc
dave@mielke.cc
dave@mielke.cc
dave@mielke.cc
dave@mielke.cc
dave@mielke.cc
dave@mielke.cc
dave@mielke.cc
dave@mielke.cc
dave@mielke.cc
dave@mielke.cc
dave@mielke.cc
dave@mielke.cc
dave@mielke.cc
dave@mielke.cc
dave@mielke.cc
dave@mielke.cc
dave@mielke.cc
dave@mielke.cc
dave@mielke.cc
dave@mielke.cc
yan@mistigri.org
dave@mielke.cc
dave@mielke.cc
dave@mielke.cc
listaddr1@gmx.net
gcasse@oralux.org
ruiandrebatista@gmail.com
themuso@themuso.com
speechd@freebsoft.org
obert01@mistigri.org
garycramblitt@comcast.net
listaddr1@gmx.net
gcasse@oralux.org
cmbrannon79@gmail.com
themuso@themuso.com
garycramblitt@comcast.net
themuso@ubuntu.com
didier@slint.fr
rpoitevin@hypra.fr
email@example.com
listaddr1@gmx.net
gcasse@oralux.org
ruiandrebatista@gmail.com
themuso@themuso.com
themuso@ubuntu.com
didier@slint.fr
cwendling@hypra.fr
gcasse@oralux.org
ruiandrebatista@gmail.com
Kholodnyi@gmail.com
hubbs@gmail.com
saunders@gmail.com
jmccann@redhat.com
fudge@thefudge.net
themuso@ubuntu.com
hussainmkj@gmail.com
cwendling@hypra.fr
rpoitevin@hypra.fr
email@example.com
