Sep 28 18:49:05 priamoryki /usr/lib/gdm3/gdm-x-session[1201]: Information:  The server relies on udev to provide the list of input devices.
Sep 28 18:49:05 priamoryki /usr/lib/gdm3/gdm-x-session[1201]: Information:  Loader magic: 0x55c614494020
Sep 28 18:49:05 priamoryki /usr/lib/gdm3/gdm-x-session[1201]: Information:  Module ABI versions:
Sep 28 18:49:05 priamoryki /usr/lib/gdm3/gdm-x-session[1201]: Information:  systemd-logind: took control of session /org/freedesktop/login1/session/_31
Sep 28 18:49:05 priamoryki /usr/lib/gdm3/gdm-x-session[1201]: Information:  xfree86: Adding drm device (/dev/dri/card0)
Sep 28 18:49:05 priamoryki /usr/lib/gdm3/gdm-x-session[1201]: Information:  systemd-logind: got fd for /dev/dri/card0 226:0 fd 12 paused 0
Sep 28 18:49:05 priamoryki /usr/lib/gdm3/gdm-x-session[1201]: Information:  LoadModule: "glx"
Sep 28 18:49:05 priamoryki /usr/lib/gdm3/gdm-x-session[1201]: Information:  Loading /usr/lib/xorg/modules/extensions/libglx.so
Sep 28 18:49:05 priamoryki /usr/lib/gdm3/gdm-x-session[1201]: Information:  Module glx: vendor="X.Org Foundation"
Sep 28 18:49:05 priamoryki /usr/lib/gdm3/gdm-x-session[1201]: Information:  LoadModule: "modesetting"
Sep 28 18:49:05 priamoryki /usr/lib/gdm3/gdm-x-session[1201]: Information:  Loading /usr/lib/xorg/modules/drivers/modesetting_drv.so
Sep 28 18:49:05 priamoryki /usr/lib/gdm3/gdm-x-session[1201]: Information:  Module modesetting: vendor="X.Org Foundation"
Sep 28 18:49:05 priamoryki /usr/lib/gdm3/gdm-x-session[1201]: Information:  LoadModule: "fbdev"
Sep 28 18:49:05 priamoryki /usr/lib/gdm3/gdm-x-session[1201]: Information:  Loading /usr/lib/xorg/modules/drivers/fbdev_drv.so
Sep 28 18:49:05 priamoryki /usr/lib/gdm3/gdm-x-session[1201]: Information:  Module fbdev: vendor="X.Org Foundation"
Sep 28 18:49:05 priamoryki /usr/lib/gdm3/gdm-x-session[1201]: Information:  LoadModule: "vesa"
Sep 28 18:49:05 priamoryki /usr/lib/gdm3/gdm-x-session[1201]: Information:  Loading /usr/lib/xorg/modules/drivers/vesa_drv.so
Sep 28 18:49:05 priamoryki /usr/lib/gdm3/gdm-x-session[1201]: Information:  Module vesa: vendor="X.Org Foundation"
Sep 28 18:49:05 priamoryki /usr/lib/gdm3/gdm-x-session[1201]: Information:  modesetting: Driver for Modesetting Kernel Drivers: kms
Sep 28 18:49:05 priamoryki /usr/lib/gdm3/gdm-x-session[1201]: Information:  FBDEV: driver for framebuffer: fbdev
Sep 28 18:49:05 priamoryki /usr/lib/gdm3/gdm-x-session[1201]: Information:  VESA: driver for VESA chipsets: vesa
Sep 28 18:49:05 priamoryki /usr/lib/gdm3/gdm-x-session[1201]: Information:  modeset(0): using drv /dev/dri/card0
Sep 28 18:49:05 priamoryki /usr/lib/gdm3/gdm-x-session[1201]: Information:  Loading sub module "fbdevhw"
Sep 28 18:49:05 priamoryki /usr/lib/gdm3/gdm-x-session[1201]: Information:  LoadModule: "fbdevhw"
Sep 28 18:49:05 priamoryki /usr/lib/gdm3/gdm-x-session[1201]: Information:  Loading /usr/lib/xorg/modules/libfbdevhw.so
Sep 28 18:49:05 priamoryki /usr/lib/gdm3/gdm-x-session[1201]: Information:  Module fbdevhw: vendor="X.Org Foundation"
Sep 28 18:49:05 priamoryki /usr/lib/gdm3/gdm-x-session[1201]: Information:  modeset(0): Creating default Display subsection in Screen section
Sep 28 18:49:05 priamoryki /usr/lib/gdm3/gdm-x-session[1201]: Information:  Loading sub module "glamoregl"
Sep 28 18:49:05 priamoryki /usr/lib/gdm3/gdm-x-session[1201]: Information:  LoadModule: "glamoregl"
Sep 28 18:49:05 priamoryki /usr/lib/gdm3/gdm-x-session[1201]: Information:  Loading /usr/lib/xorg/modules/libglamoregl.so
Sep 28 18:49:06 priamoryki /usr/lib/gdm3/gdm-x-session[1201]: Information:  Module glamoregl: vendor="X.Org Foundation"
Sep 28 18:49:06 priamoryki /usr/lib/gdm3/gdm-x-session[1201]: Information:  modeset(0): glamor X acceleration enabled on Mesa Intel(R) UHD Graphics (CML GT2)
Sep 28 18:49:06 priamoryki /usr/lib/gdm3/gdm-x-session[1201]: Information:  modeset(0): glamor initialized
Sep 28 18:49:06 priamoryki /usr/lib/gdm3/gdm-x-session[1201]: Information:  modeset(0): Output eDP-1 has no monitor section
Sep 28 18:49:06 priamoryki /usr/lib/gdm3/gdm-x-session[1201]: Information:  modeset(0): Output HDMI-1 has no monitor section
Sep 28 18:49:06 priamoryki /usr/lib/gdm3/gdm-x-session[1201]: Information:  modeset(0): Output DP-1 has no monitor section
Sep 28 18:49:06 priamoryki /usr/lib/gdm3/gdm-x-session[1201]: Information:  modeset(0): Output HDMI-2 has no monitor section
Sep 28 18:49:06 priamoryki /usr/lib/gdm3/gdm-x-session[1201]: Information:  modeset(0): EDID for output eDP-1
Sep 28 18:49:06 priamoryki /usr/lib/gdm3/gdm-x-session[1201]: Information:  modeset(0): Manufacturer: SHP  Model: 14c3  Serial#: 0
Sep 28 18:49:06 priamoryki /usr/lib/gdm3/gdm-x-session[1201]: Information:  modeset(0): Year: 2019  Week: 9
Sep 28 18:49:06 priamoryki /usr/lib/gdm3/gdm-x-session[1201]: Information:  modeset(0): EDID Version: 1.4
Sep 28 18:49:06 priamoryki /usr/lib/gdm3/gdm-x-session[1201]: Information:  modeset(0): Digital Display Input
Sep 28 18:49:06 priamoryki /usr/lib/gdm3/gdm-x-session[1201]: Information:  modeset(0): 8 bits per channel
Sep 28 18:49:06 priamoryki /usr/lib/gdm3/gdm-x-session[1201]: Information:  modeset(0): Digital interface is DisplayPort
Sep 28 18:49:06 priamoryki /usr/lib/gdm3/gdm-x-session[1201]: Information:  modeset(0): Max Image Size [cm]: horiz.: 34  vert.: 19
Sep 28 18:49:06 priamoryki /usr/lib/gdm3/gdm-x-session[1201]: Information:  modeset(0): Gamma: 2.20
Sep 28 18:49:06 priamoryki /usr/lib/gdm3/gdm-x-session[1201]: Information:  modeset(0): No DPMS capabilities specified
Sep 28 18:49:06 priamoryki /usr/lib/gdm3/gdm-x-session[1201]: Information:  modeset(0): Supported color encodings: RGB 4:4:4
Sep 28 18:49:06 priamoryki /usr/lib/gdm3/gdm-x-session[1201]: Information:  modeset(0): Default color space is primary color space
Sep 28 18:49:06 priamoryki /usr/lib/gdm3/gdm-x-session[1201]: Information:  modeset(0): First detailed timing is preferred mode
Sep 28 18:49:06 priamoryki /usr/lib/gdm3/gdm-x-session[1201]: Information:  modeset(0): Preferred mode is native pixel format and refresh rate
Sep 28 18:49:06 priamoryki /usr/lib/gdm3/gdm-x-session[1201]: Information:  modeset(0): redX: 0.640 redY: 0.329   greenX: 0.300 greenY: 0.600
Sep 28 18:49:06 priamoryki /usr/lib/gdm3/gdm-x-session[1201]: Information:  modeset(0): blueX: 0.149 blueY: 0.060   whiteX: 0.312 whiteY: 0.328
Sep 28 18:49:06 priamoryki /usr/lib/gdm3/gdm-x-session[1201]: Information:  modeset(0): Manufacturer's mask: 0
Sep 28 18:49:06 priamoryki /usr/lib/gdm3/gdm-x-session[1201]: Information:  modeset(0): Supported detailed timing:
Sep 28 18:49:06 priamoryki /usr/lib/gdm3/gdm-x-session[1201]: Information:  modeset(0): clock: 138.5 MHz   Image Size:  344 x 194 mm
Sep 28 18:49:06 priamoryki /usr/lib/gdm3/gdm-x-session[1201]: Information:  modeset(0): h_active: 1920  h_sync: 1968  h_sync_end 2000 h_blank_end 2080 h_border: 0
Sep 28 18:49:06 priamoryki /usr/lib/gdm3/gdm-x-session[1201]: Information:  modeset(0): v_active: 1080  v_sync: 1083  v_sync_end 1088 v_blanking: 1110 v_border: 0
Sep 28 18:49:06 priamoryki /usr/lib/gdm3/gdm-x-session[1201]: Information:  modeset(0): Supported detailed timing:
Sep 28 18:49:06 priamoryki /usr/lib/gdm3/gdm-x-session[1201]: Information:  modeset(0): clock: 110.9 MHz   Image Size:  344 x 194 mm
Sep 28 18:49:06 priamoryki /usr/lib/gdm3/gdm-x-session[1201]: Information:  modeset(0): h_active: 1920  h_sync: 1968  h_sync_end 2000 h_blank_end 2080 h_border: 0
Sep 28 18:49:06 priamoryki /usr/lib/gdm3/gdm-x-session[1201]: Information:  modeset(0): v_active: 1080  v_sync: 1083  v_sync_end 1088 v_blanking: 1111 v_border: 0
Sep 28 18:49:06 priamoryki /usr/lib/gdm3/gdm-x-session[1201]: Information:  modeset(0): Monitor name: LQ156M1JW01
Sep 28 18:49:06 priamoryki /usr/lib/gdm3/gdm-x-session[1201]: Information:  modeset(0): EDID (in hex):
Sep 28 18:49:06 priamoryki /usr/lib/gdm3/gdm-x-session[1201]: Information:  modeset(0): #01100ffffffffffff004d10c31400000000
Sep 28 18:49:06 priamoryki /usr/lib/gdm3/gdm-x-session[1201]: Information:  modeset(0): #011091d0104a522137806de50a3544c9926
Sep 28 18:49:06 priamoryki /usr/lib/gdm3/gdm-x-session[1201]: Information:  modeset(0): #0110f505400000001010101010101010101
Sep 28 18:49:06 priamoryki /usr/lib/gdm3/gdm-x-session[1201]: Information:  modeset(0): #0110101010101011a3680a070381e403020
Sep 28 18:49:06 priamoryki /usr/lib/gdm3/gdm-x-session[1201]: Information:  modeset(0): #011350058c210000018542b80a070381f40
Sep 28 18:49:06 priamoryki /usr/lib/gdm3/gdm-x-session[1201]: Information:  modeset(0): #0113020350058c210000018000000100000
Sep 28 18:49:06 priamoryki /usr/lib/gdm3/gdm-x-session[1201]: Information:  modeset(0): #011000000000000000000000000000000fc
Sep 28 18:49:06 priamoryki /usr/lib/gdm3/gdm-x-session[1201]: Information:  modeset(0): #011004c513135364d314a5730310a2000c3
Sep 28 18:49:06 priamoryki /usr/lib/gdm3/gdm-x-session[1201]: Information:  modeset(0): Printing probed modes for output eDP-1
Sep 28 18:49:06 priamoryki /usr/lib/gdm3/gdm-x-session[1201]: Information:  modeset(0): Modeline "1920x1080"x60.0  138.50  1920 1968 2000 2080  1080 1083 1088 1110 -hsync -vsync (66.6 kHz eP)
Sep 28 18:49:06 priamoryki /usr/lib/gdm3/gdm-x-session[1201]: Information:  modeset(0): Modeline "1920x1080"x119.9  266.50  1920 1944 1960 2000  1080 1081 1084 1111 doublescan +hsync -vsync (133.2 kHz d)
Sep 28 18:49:06 priamoryki /usr/lib/gdm3/gdm-x-session[1201]: Information:  modeset(0): Modeline "1920x1080"x60.0  173.00  1920 2048 2248 2576  1080 1083 1088 1120 -hsync +vsync (67.2 kHz d)
Sep 28 18:49:06 priamoryki /usr/lib/gdm3/gdm-x-session[1201]: Information:  modeset(0): Modeline "1920x1080"x59.9  138.50  1920 1968 2000 2080  1080 1083 1088 1111 +hsync -vsync (66.6 kHz d)
Sep 28 18:49:06 priamoryki /usr/lib/gdm3/gdm-x-session[1201]: Information:  modeset(0): Modeline "1920x1080"x48.0  110.92  1920 1968 2000 2080  1080 1083 1088 1111 -hsync -vsync (53.3 kHz e)
Sep 28 18:49:06 priamoryki /usr/lib/gdm3/gdm-x-session[1201]: Information:  modeset(0): Modeline "1680x1050"x60.0  146.25  1680 1784 1960 2240  1050 1053 1059 1089 -hsync +vsync (65.3 kHz d)
Sep 28 18:49:06 priamoryki /usr/lib/gdm3/gdm-x-session[1201]: Information:  modeset(0): Modeline "1680x1050"x59.9  119.00  1680 1728 1760 1840  1050 1053 1059 1080 +hsync -vsync (64.7 kHz d)
Sep 28 18:49:06 priamoryki /usr/lib/gdm3/gdm-x-session[1201]: Information:  modeset(0): Modeline "1600x1024"x60.2  103.12  1600 1600 1656 1664  1024 1024 1029 1030 +hsync +vsync (62.0 kHz d)
Sep 28 18:49:06 priamoryki /usr/lib/gdm3/gdm-x-session[1201]: Information:  modeset(0): Modeline "1400x1050"x60.0  122.00  1400 1488 1640 1880  1050 1052 1064 1082 +hsync +vsync (64.9 kHz d)
Sep 28 18:49:06 priamoryki /usr/lib/gdm3/gdm-x-session[1201]: Information:  modeset(0): Modeline "1600x900"x120.0  246.00  1600 1728 1900 2200  900 901 904 932 doublescan -hsync +vsync (111.8 kHz d)
Sep 28 18:49:06 priamoryki /usr/lib/gdm3/gdm-x-session[1201]: Information:  modeset(0): Modeline "1600x900"x119.9  186.50  1600 1624 1640 1680  900 901 904 926 doublescan +hsync -vsync (111.0 kHz d)
Sep 28 18:49:06 priamoryki /usr/lib/gdm3/gdm-x-session[1201]: Information:  modeset(0): Modeline "1600x900"x59.9  118.25  1600 1696 1856 2112  900 903 908 934 -hsync +vsync (56.0 kHz d)
Sep 28 18:49:06 priamoryki /usr/lib/gdm3/gdm-x-session[1201]: Information:  modeset(0): Modeline "1600x900"x59.8   97.50  1600 1648 1680 1760  900 903 908 926 +hsync -vsync (55.4 kHz d)
Sep 28 18:49:06 priamoryki /usr/lib/gdm3/gdm-x-session[1201]: Information:  modeset(0): Modeline "1280x1024"x60.0  108.00  1280 1328 1440 1688  1024 1025 1028 1066 +hsync +vsync (64.0 kHz d)
Sep 28 18:49:06 priamoryki /usr/lib/gdm3/gdm-x-session[1201]: Information:  modeset(0): Modeline "1440x900"x59.9  106.50  1440 1520 1672 1904  900 903 909 934 -hsync +vsync (55.9 kHz d)
Sep 28 18:49:06 priamoryki /usr/lib/gdm3/gdm-x-session[1201]: Information:  modeset(0): Modeline "1400x900"x60.0  103.50  1400 1480 1624 1848  900 903 913 934 -hsync +vsync (56.0 kHz d)
Sep 28 18:49:06 priamoryki /usr/lib/gdm3/gdm-x-session[1201]: Information:  modeset(0): Modeline "1400x900"x59.9   86.50  1400 1448 1480 1560  900 903 913 926 +hsync -vsync (55.4 kHz d)
Sep 28 18:49:06 priamoryki /usr/lib/gdm3/gdm-x-session[1201]: Information:  modeset(0): Modeline "1280x960"x60.0  108.00  1280 1376 1488 1800  960 961 964 1000 +hsync +vsync (60.0 kHz d)
Sep 28 18:49:06 priamoryki /usr/lib/gdm3/gdm-x-session[1201]: Information:  modeset(0): Modeline "1440x810"x120.0  198.12  1440 1548 1704 1968  810 811 814 839 doublescan -hsync +vsync (100.7 kHz d)
Sep 28 18:49:06 priamoryki /usr/lib/gdm3/gdm-x-session[1201]: Information:  modeset(0): Modeline "1440x810"x119.9  151.88  1440 1464 1480 1520  810 811 814 833 doublescan +hsync -vsync (99.9 kHz d)
Sep 28 18:49:06 priamoryki /usr/lib/gdm3/gdm-x-session[1201]: Information:  modeset(0): Modeline "1368x768"x59.9   85.25  1368 1440 1576 1784  768 771 781 798 -hsync +vsync (47.8 kHz d)
Sep 28 18:49:06 priamoryki /usr/lib/gdm3/gdm-x-session[1201]: Information:  modeset(0): Modeline "1368x768"x59.9   72.25  1368 1416 1448 1528  768 771 781 790 +hsync -vsync (47.3 kHz d)
Sep 28 18:49:06 priamoryki /usr/lib/gdm3/gdm-x-session[1201]: Information:  modeset(0): Modeline "1360x768"x59.8   84.75  1360 1432 1568 1776  768 771 781 798 -hsync +vsync (47.7 kHz d)
Sep 28 18:49:06 priamoryki /usr/lib/gdm3/gdm-x-session[1201]: Information:  modeset(0): Modeline "1360x768"x60.0   72.00  1360 1408 1440 1520  768 771 781 790 +hsync -vsync (47.4 kHz d)
Sep 28 18:49:06 priamoryki /usr/lib/gdm3/gdm-x-session[1201]: Information:  modeset(0): Modeline "1280x800"x120.0  174.25  1280 1380 1516 1752  800 801 804 829 doublescan -hsync +vsync (99.5 kHz d)
Sep 28 18:49:06 priamoryki /usr/lib/gdm3/gdm-x-session[1201]: Information:  modeset(0): Modeline "1280x800"x119.9  134.25  1280 1304 1320 1360  800 801 804 823 doublescan +hsync -vsync (98.7 kHz d)
Sep 28 18:49:06 priamoryki /usr/lib/gdm3/gdm-x-session[1201]: Information:  modeset(0): Modeline "1280x800"x59.8   83.50  1280 1352 1480 1680  800 803 809 831 -hsync +vsync (49.7 kHz d)
Sep 28 18:49:06 priamoryki /usr/lib/gdm3/gdm-x-session[1201]: Information:  modeset(0): Modeline "1280x800"x59.9   71.00  1280 1328 1360 1440  800 803 809 823 +hsync -vsync (49.3 kHz d)
Sep 28 18:49:06 priamoryki /usr/lib/gdm3/gdm-x-session[1201]: Information:  modeset(0): Modeline "1152x864"x60.0   81.62  1152 1216 1336 1520  864 865 868 895 -hsync +vsync (53.7 kHz d)
Sep 28 18:49:06 priamoryki /usr/lib/gdm3/gdm-x-session[1201]: Information:  modeset(0): Modeline "1280x720"x120.0  156.12  1280 1376 1512 1744  720 721 724 746 doublescan -hsync +vsync (89.5 kHz d)
Sep 28 18:49:06 priamoryki /usr/lib/gdm3/gdm-x-session[1201]: Information:  modeset(0): Modeline "1280x720"x120.0  120.75  1280 1304 1320 1360  720 721 724 740 doublescan +hsync -vsync (88.8 kHz d)
Sep 28 18:49:06 priamoryki /usr/lib/gdm3/gdm-x-session[1201]: Information:  modeset(0): Modeline "1280x720"x59.9   74.50  1280 1344 1472 1664  720 723 728 748 -hsync +vsync (44.8 kHz d)
Sep 28 18:49:06 priamoryki /usr/lib/gdm3/gdm-x-session[1201]: Information:  modeset(0): Modeline "1280x720"x59.7   63.75  1280 1328 1360 1440  720 723 728 741 +hsync -vsync (44.3 kHz d)
Sep 28 18:49:06 priamoryki /usr/lib/gdm3/gdm-x-session[1201]: Information:  modeset(0): Modeline "1024x768"x120.1  133.47  1024 1100 1212 1400  768 768 770 794 doublescan -hsync +vsync (95.3 kHz d)
Sep 28 18:49:06 priamoryki /usr/lib/gdm3/gdm-x-session[1201]: Information:  modeset(0): Modeline "1024x768"x60.0   65.00  1024 1048 1184 1344  768 771 777 806 -hsync -vsync (48.4 kHz d)
Sep 28 18:49:06 priamoryki /usr/lib/gdm3/gdm-x-session[1201]: Information:  modeset(0): Modeline "960x720"x120.0  117.00  960 1024 1128 1300  720 720 722 750 doublescan -hsync +vsync (90.0 kHz d)
Sep 28 18:49:06 priamoryki /usr/lib/gdm3/gdm-x-session[1201]: Information:  modeset(0): Modeline "928x696"x120.1  109.15  928 976 1088 1264  696 696 698 719 doublescan -hsync +vsync (86.4 kHz d)
Sep 28 18:49:06 priamoryki /usr/lib/gdm3/gdm-x-session[1201]: Information:  modeset(0): Modeline "896x672"x120.0  102.40  896 960 1060 1224  672 672 674 697 doublescan -hsync +vsync (83.7 kHz d)
Sep 28 18:49:06 priamoryki /usr/lib/gdm3/gdm-x-session[1201]: Information:  modeset(0): Modeline "1024x576"x119.9   98.50  1024 1092 1200 1376  576 577 580 597 doublescan -hsync +vsync (71.6 kHz d)
Sep 28 18:49:06 priamoryki /usr/lib/gdm3/gdm-x-session[1201]: Information:  modeset(0): Modeline "1024x576"x119.9   78.38  1024 1048 1064 1104  576 577 580 592 doublescan +hsync -vsync (71.0 kHz d)
Sep 28 18:49:06 priamoryki /usr/lib/gdm3/gdm-x-session[1201]: Information:  modeset(0): Modeline "1024x576"x59.9   46.50  1024 1064 1160 1296  576 579 584 599 -hsync +vsync (35.9 kHz d)
Sep 28 18:49:06 priamoryki /usr/lib/gdm3/gdm-x-session[1201]: Information:  modeset(0): Modeline "1024x576"x59.8   42.00  1024 1072 1104 1184  576 579 584 593 +hsync -vsync (35.5 kHz d)
Sep 28 18:49:06 priamoryki /usr/lib/gdm3/gdm-x-session[1201]: Information:  modeset(0): Modeline "960x600"x119.9   96.62  960 1028 1128 1296  600 601 604 622 doublescan -hsync +vsync (74.6 kHz d)
Sep 28 18:49:06 priamoryki /usr/lib/gdm3/gdm-x-session[1201]: Information:  modeset(0): Modeline "960x600"x120.0   77.00  960 984 1000 1040  600 601 604 617 doublescan +hsync -vsync (74.0 kHz d)
Sep 28 18:49:06 priamoryki /usr/lib/gdm3/gdm-x-session[1201]: Information:  modeset(0): Modeline "960x540"x119.9   86.50  960 1024 1124 1288  540 541 544 560 doublescan -hsync +vsync (67.2 kHz d)
Sep 28 18:49:06 priamoryki /usr/lib/gdm3/gdm-x-session[1201]: Information:  modeset(0): Modeline "960x540"x120.0   69.25  960 984 1000 1040  540 541 544 555 doublescan +hsync -vsync (66.6 kHz d)
Sep 28 18:49:06 priamoryki /usr/lib/gdm3/gdm-x-session[1201]: Information:  modeset(0): Modeline "960x540"x59.6   40.75  960 992 1088 1216  540 543 548 562 -hsync +vsync (33.5 kHz d)
Sep 28 18:49:06 priamoryki /usr/lib/gdm3/gdm-x-session[1201]: Information:  modeset(0): Modeline "960x540"x59.8   37.25  960 1008 1040 1120  540 543 548 556 +hsync -vsync (33.3 kHz d)
Sep 28 18:49:06 priamoryki /usr/lib/gdm3/gdm-x-session[1201]: Information:  modeset(0): Modeline "800x600"x120.0   81.00  800 832 928 1080  600 600 602 625 doublescan +hsync +vsync (75.0 kHz d)
Sep 28 18:49:06 priamoryki /usr/lib/gdm3/gdm-x-session[1201]: Information:  modeset(0): Modeline "800x600"x60.3   40.00  800 840 968 1056  600 601 605 628 +hsync +vsync (37.9 kHz d)
Sep 28 18:49:06 priamoryki /usr/lib/gdm3/gdm-x-session[1201]: Information:  modeset(0): Modeline "800x600"x56.2   36.00  800 824 896 1024  600 601 603 625 +hsync +vsync (35.2 kHz d)
Sep 28 18:49:06 priamoryki /usr/lib/gdm3/gdm-x-session[1201]: Information:  modeset(0): Modeline "840x525"x120.0   73.12  840 892 980 1120  525 526 529 544 doublescan -hsync +vsync (65.3 kHz d)
Sep 28 18:49:06 priamoryki /usr/lib/gdm3/gdm-x-session[1201]: Information:  modeset(0): Modeline "840x525"x119.8   59.50  840 864 880 920  525 526 529 540 doublescan +hsync -vsync (64.7 kHz d)
Sep 28 18:49:06 priamoryki /usr/lib/gdm3/gdm-x-session[1201]: Information:  modeset(0): Modeline "864x486"x59.9   32.50  864 888 968 1072  486 489 494 506 -hsync +vsync (30.3 kHz d)
Sep 28 18:49:06 priamoryki /usr/lib/gdm3/gdm-x-session[1201]: Information:  modeset(0): Modeline "864x486"x59.6   30.50  864 912 944 1024  486 489 494 500 +hsync -vsync (29.8 kHz d)
Sep 28 18:49:06 priamoryki /usr/lib/gdm3/gdm-x-session[1201]: Information:  modeset(0): Modeline "800x512"x120.3   51.56  800 800 828 832  512 512 514 515 doublescan +hsync +vsync (62.0 kHz d)
Sep 28 18:49:06 priamoryki /usr/lib/gdm3/gdm-x-session[1201]: Information:  modeset(0): Modeline "700x525"x120.0   61.00  700 744 820 940  525 526 532 541 doublescan +hsync +vsync (64.9 kHz d)
Sep 28 18:49:06 priamoryki /usr/lib/gdm3/gdm-x-session[1201]: Information:  modeset(0): Modeline "800x450"x119.9   59.12  800 848 928 1056  450 451 454 467 doublescan -hsync +vsync (56.0 kHz d)
Sep 28 18:49:06 priamoryki /usr/lib/gdm3/gdm-x-session[1201]: Information:  modeset(0): Modeline "800x450"x119.6   48.75  800 824 840 880  450 451 454 463 doublescan +hsync -vsync (55.4 kHz d)
Sep 28 18:49:06 priamoryki /usr/lib/gdm3/gdm-x-session[1201]: Information:  modeset(0): Modeline "640x512"x120.0   54.00  640 664 720 844  512 512 514 533 doublescan +hsync +vsync (64.0 kHz d)
Sep 28 18:49:06 priamoryki /usr/lib/gdm3/gdm-x-session[1201]: Information:  modeset(0): Modeline "720x450"x119.8   53.25  720 760 836 952  450 451 454 467 doublescan -hsync +vsync (55.9 kHz d)
Sep 28 18:49:06 priamoryki /usr/lib/gdm3/gdm-x-session[1201]: Information:  modeset(0): Modeline "700x450"x119.9   51.75  700 740 812 924  450 451 456 467 doublescan -hsync +vsync (56.0 kHz d)
Sep 28 18:49:06 priamoryki /usr/lib/gdm3/gdm-x-session[1201]: Information:  modeset(0): Modeline "700x450"x119.8   43.25  700 724 740 780  450 451 456 463 doublescan +hsync -vsync (55.4 kHz d)
Sep 28 18:49:06 priamoryki /usr/lib/gdm3/gdm-x-session[1201]: Information:  modeset(0): Modeline "640x480"x120.0   54.00  640 688 744 900  480 480 482 500 doublescan +hsync +vsync (60.0 kHz d)
Sep 28 18:49:06 priamoryki /usr/lib/gdm3/gdm-x-session[1201]: Information:  modeset(0): Modeline "640x480"x59.9   25.18  640 656 752 800  480 490 492 525 -hsync -vsync (31.5 kHz d)
Sep 28 18:49:06 priamoryki /usr/lib/gdm3/gdm-x-session[1201]: Information:  modeset(0): Modeline "720x405"x59.5   22.50  720 744 808 896  405 408 413 422 -hsync +vsync (25.1 kHz d)
Sep 28 18:49:06 priamoryki /usr/lib/gdm3/gdm-x-session[1201]: Information:  modeset(0): Modeline "720x405"x59.0   21.75  720 768 800 880  405 408 413 419 +hsync -vsync (24.7 kHz d)
Sep 28 18:49:06 priamoryki /usr/lib/gdm3/gdm-x-session[1201]: Information:  modeset(0): Modeline "684x384"x119.8   42.62  684 720 788 892  384 385 390 399 doublescan -hsync +vsync (47.8 kHz d)
Sep 28 18:49:06 priamoryki /usr/lib/gdm3/gdm-x-session[1201]: Information:  modeset(0): Modeline "684x384"x119.7   36.12  684 708 724 764  384 385 390 395 doublescan +hsync -vsync (47.3 kHz d)
Sep 28 18:49:06 priamoryki /usr/lib/gdm3/gdm-x-session[1201]: Information:  modeset(0): Modeline "680x384"x119.6   42.38  680 716 784 888  384 385 390 399 doublescan -hsync +vsync (47.7 kHz d)
Sep 28 18:49:06 priamoryki /usr/lib/gdm3/gdm-x-session[1201]: Information:  modeset(0): Modeline "680x384"x119.9   36.00  680 704 720 760  384 385 390 395 doublescan +hsync -vsync (47.4 kHz d)
Sep 28 18:49:06 priamoryki /usr/lib/gdm3/gdm-x-session[1201]: Information:  modeset(0): Modeline "640x400"x119.8   41.75  640 676 740 840  400 401 404 415 doublescan -hsync +vsync (49.7 kHz d)
Sep 28 18:49:06 priamoryki /usr/lib/gdm3/gdm-x-session[1201]: Information:  modeset(0): Modeline "640x400"x120.0   35.50  640 664 680 720  400 401 404 411 doublescan +hsync -vsync (49.3 kHz d)
Sep 28 18:49:06 priamoryki /usr/lib/gdm3/gdm-x-session[1201]: Information:  modeset(0): Modeline "576x432"x120.1   40.81  576 608 668 760  432 432 434 447 doublescan -hsync +vsync (53.7 kHz d)
Sep 28 18:49:06 priamoryki /usr/lib/gdm3/gdm-x-session[1201]: Information:  modeset(0): Modeline "640x360"x119.7   37.25  640 672 736 832  360 361 364 374 doublescan -hsync +vsync (44.8 kHz d)
Sep 28 18:49:06 priamoryki /usr/lib/gdm3/gdm-x-session[1201]: Information:  modeset(0): Modeline "640x360"x119.7   31.88  640 664 680 720  360 361 364 370 doublescan +hsync -vsync (44.3 kHz d)
Sep 28 18:49:06 priamoryki /usr/lib/gdm3/gdm-x-session[1201]: Information:  modeset(0): Modeline "640x360"x59.8   18.00  640 664 720 800  360 363 368 376 -hsync +vsync (22.5 kHz d)
Sep 28 18:49:06 priamoryki /usr/lib/gdm3/gdm-x-session[1201]: Information:  modeset(0): Modeline "640x360"x59.3   17.75  640 688 720 800  360 363 368 374 +hsync -vsync (22.2 kHz d)
Sep 28 18:49:06 priamoryki /usr/lib/gdm3/gdm-x-session[1201]: Information:  modeset(0): Modeline "512x384"x120.0   32.50  512 524 592 672  384 385 388 403 doublescan -hsync -vsync (48.4 kHz d)
Sep 28 18:49:06 priamoryki /usr/lib/gdm3/gdm-x-session[1201]: Information:  modeset(0): Modeline "512x288"x120.0   23.25  512 532 580 648  288 289 292 299 doublescan -hsync +vsync (35.9 kHz d)
Sep 28 18:49:06 priamoryki /usr/lib/gdm3/gdm-x-session[1201]: Information:  modeset(0): Modeline "512x288"x119.8   21.00  512 536 552 592  288 289 292 296 doublescan +hsync -vsync (35.5 kHz d)
Sep 28 18:49:06 priamoryki /usr/lib/gdm3/gdm-x-session[1201]: Information:  modeset(0): Modeline "480x270"x119.3   20.38  480 496 544 608  270 271 274 281 doublescan -hsync +vsync (33.5 kHz d)
Sep 28 18:49:06 priamoryki /usr/lib/gdm3/gdm-x-session[1201]: Information:  modeset(0): Modeline "480x270"x119.6   18.62  480 504 520 560  270 271 274 278 doublescan +hsync -vsync (33.3 kHz d)
Sep 28 18:49:06 priamoryki /usr/lib/gdm3/gdm-x-session[1201]: Information:  modeset(0): Modeline "400x300"x120.6   20.00  400 420 484 528  300 300 302 314 doublescan +hsync +vsync (37.9 kHz d)
Sep 28 18:49:06 priamoryki /usr/lib/gdm3/gdm-x-session[1201]: Information:  modeset(0): Modeline "400x300"x112.7   18.00  400 412 448 512  300 300 301 312 doublescan +hsync +vsync (35.2 kHz d)
Sep 28 18:49:06 priamoryki /usr/lib/gdm3/gdm-x-session[1201]: Information:  modeset(0): Modeline "432x243"x119.8   16.25  432 444 484 536  243 244 247 253 doublescan -hsync +vsync (30.3 kHz d)
Sep 28 18:49:06 priamoryki /usr/lib/gdm3/gdm-x-session[1201]: Information:  modeset(0): Modeline "432x243"x119.1   15.25  432 456 472 512  243 244 247 250 doublescan +hsync -vsync (29.8 kHz d)
Sep 28 18:49:06 priamoryki /usr/lib/gdm3/gdm-x-session[1201]: Information:  modeset(0): Modeline "320x240"x120.1   12.59  320 328 376 400  240 245 246 262 doublescan -hsync -vsync (31.5 kHz d)
Sep 28 18:49:06 priamoryki /usr/lib/gdm3/gdm-x-session[1201]: Information:  modeset(0): Modeline "360x202"x119.0   11.25  360 372 404 448  202 204 206 211 doublescan -hsync +vsync (25.1 kHz d)
Sep 28 18:49:06 priamoryki /usr/lib/gdm3/gdm-x-session[1201]: Information:  modeset(0): Modeline "360x202"x118.3   10.88  360 384 400 440  202 204 206 209 doublescan +hsync -vsync (24.7 kHz d)
Sep 28 18:49:06 priamoryki /usr/lib/gdm3/gdm-x-session[1201]: Information:  modeset(0): Modeline "320x180"x119.7    9.00  320 332 360 400  180 181 184 188 doublescan -hsync +vsync (22.5 kHz d)
Sep 28 18:49:06 priamoryki /usr/lib/gdm3/gdm-x-session[1201]: Information:  modeset(0): Modeline "320x180"x118.6    8.88  320 344 360 400  180 181 184 187 doublescan +hsync -vsync (22.2 kHz d)
Sep 28 18:49:06 priamoryki /usr/lib/gdm3/gdm-x-session[1201]: Information:  modeset(0): EDID for output HDMI-1
Sep 28 18:49:06 priamoryki /usr/lib/gdm3/gdm-x-session[1201]: Information:  modeset(0): EDID for output DP-1
Sep 28 18:49:06 priamoryki /usr/lib/gdm3/gdm-x-session[1201]: Information:  modeset(0): EDID for output HDMI-2
Sep 28 18:49:06 priamoryki /usr/lib/gdm3/gdm-x-session[1201]: Information:  modeset(0): Output eDP-1 connected
Sep 28 18:49:06 priamoryki /usr/lib/gdm3/gdm-x-session[1201]: Information:  modeset(0): Output HDMI-1 disconnected
Sep 28 18:49:06 priamoryki /usr/lib/gdm3/gdm-x-session[1201]: Information:  modeset(0): Output DP-1 disconnected
Sep 28 18:49:06 priamoryki /usr/lib/gdm3/gdm-x-session[1201]: Information:  modeset(0): Output HDMI-2 disconnected
Sep 28 18:49:06 priamoryki /usr/lib/gdm3/gdm-x-session[1201]: Information:  modeset(0): Using exact sizes for initial modes
Sep 28 18:49:06 priamoryki /usr/lib/gdm3/gdm-x-session[1201]: Information:  modeset(0): Output eDP-1 using initial mode 1920x1080 +0+0
Sep 28 18:49:06 priamoryki /usr/lib/gdm3/gdm-x-session[1201]: Information:  Loading sub module "fb"
Sep 28 18:49:06 priamoryki /usr/lib/gdm3/gdm-x-session[1201]: Information:  LoadModule: "fb"
Sep 28 18:49:06 priamoryki /usr/lib/gdm3/gdm-x-session[1201]: Information:  Loading /usr/lib/xorg/modules/libfb.so
Sep 28 18:49:06 priamoryki /usr/lib/gdm3/gdm-x-session[1201]: Information:  Module fb: vendor="X.Org Foundation"
Sep 28 18:49:06 priamoryki /usr/lib/gdm3/gdm-x-session[1201]: Information:  UnloadModule: "fbdev"
Sep 28 18:49:06 priamoryki /usr/lib/gdm3/gdm-x-session[1201]: Information:  Unloading fbdev
Sep 28 18:49:06 priamoryki /usr/lib/gdm3/gdm-x-session[1201]: Information:  UnloadSubModule: "fbdevhw"
Sep 28 18:49:06 priamoryki /usr/lib/gdm3/gdm-x-session[1201]: Information:  Unloading fbdevhw
Sep 28 18:49:06 priamoryki /usr/lib/gdm3/gdm-x-session[1201]: Information:  UnloadModule: "vesa"
Sep 28 18:49:06 priamoryki /usr/lib/gdm3/gdm-x-session[1201]: Information:  Unloading vesa
Sep 28 18:49:06 priamoryki /usr/lib/gdm3/gdm-x-session[1201]: Information:  modeset(0): Initializing kms color map for depth 24, 8 bpc.
Sep 28 18:49:06 priamoryki /usr/lib/gdm3/gdm-x-session[1201]: Information:  modeset(0): [DRI2] Setup complete
Sep 28 18:49:06 priamoryki /usr/lib/gdm3/gdm-x-session[1201]: Information:  modeset(0): [DRI2]   DRI driver: iris
Sep 28 18:49:06 priamoryki /usr/lib/gdm3/gdm-x-session[1201]: Information:  modeset(0): [DRI2]   VDPAU driver: va_gl
Sep 28 18:49:06 priamoryki /usr/lib/gdm3/gdm-x-session[1201]: Information:  Initializing extension Generic Event Extension
Sep 28 18:49:06 priamoryki /usr/lib/gdm3/gdm-x-session[1201]: Information:  Initializing extension SHAPE
Sep 28 18:49:06 priamoryki /usr/lib/gdm3/gdm-x-session[1201]: Information:  Initializing extension MIT-SHM
Sep 28 18:49:06 priamoryki /usr/lib/gdm3/gdm-x-session[1201]: Information:  Initializing extension XInputExtension
Sep 28 18:49:06 priamoryki /usr/lib/gdm3/gdm-x-session[1201]: Information:  Initializing extension XTEST
Sep 28 18:49:06 priamoryki /usr/lib/gdm3/gdm-x-session[1201]: Information:  Initializing extension BIG-REQUESTS
Sep 28 18:49:06 priamoryki /usr/lib/gdm3/gdm-x-session[1201]: Information:  Initializing extension SYNC
Sep 28 18:49:06 priamoryki /usr/lib/gdm3/gdm-x-session[1201]: Information:  Initializing extension XKEYBOARD
Sep 28 18:49:06 priamoryki /usr/lib/gdm3/gdm-x-session[1201]: Information:  Initializing extension XC-MISC
Sep 28 18:49:06 priamoryki /usr/lib/gdm3/gdm-x-session[1201]: Information:  Initializing extension SECURITY
Sep 28 18:49:06 priamoryki /usr/lib/gdm3/gdm-x-session[1201]: Information:  Initializing extension XFIXES
Sep 28 18:49:06 priamoryki /usr/lib/gdm3/gdm-x-session[1201]: Information:  Initializing extension RENDER
Sep 28 18:49:06 priamoryki /usr/lib/gdm3/gdm-x-session[1201]: Information:  Initializing extension RANDR
Sep 28 18:49:06 priamoryki /usr/lib/gdm3/gdm-x-session[1201]: Information:  Initializing extension COMPOSITE
Sep 28 18:49:06 priamoryki /usr/lib/gdm3/gdm-x-session[1201]: Information:  Initializing extension DAMAGE
Sep 28 18:49:06 priamoryki /usr/lib/gdm3/gdm-x-session[1201]: Information:  Initializing extension MIT-SCREEN-SAVER
Sep 28 18:49:06 priamoryki /usr/lib/gdm3/gdm-x-session[1201]: Information:  Initializing extension DOUBLE-BUFFER
Sep 28 18:49:06 priamoryki /usr/lib/gdm3/gdm-x-session[1201]: Information:  Initializing extension RECORD
Sep 28 18:49:06 priamoryki /usr/lib/gdm3/gdm-x-session[1201]: Information:  Initializing extension DPMS
Sep 28 18:49:06 priamoryki /usr/lib/gdm3/gdm-x-session[1201]: Information:  Initializing extension Present
Sep 28 18:49:06 priamoryki /usr/lib/gdm3/gdm-x-session[1201]: Information:  Initializing extension DRI3
Sep 28 18:49:06 priamoryki /usr/lib/gdm3/gdm-x-session[1201]: Information:  Initializing extension X-Resource
Sep 28 18:49:06 priamoryki /usr/lib/gdm3/gdm-x-session[1201]: Information:  Initializing extension XVideo
Sep 28 18:49:06 priamoryki /usr/lib/gdm3/gdm-x-session[1201]: Information:  Initializing extension XVideo-MotionCompensation
Sep 28 18:49:06 priamoryki /usr/lib/gdm3/gdm-x-session[1201]: Information:  Initializing extension SELinux
Sep 28 18:49:06 priamoryki /usr/lib/gdm3/gdm-x-session[1201]: Information:  SELinux: Disabled on system
Sep 28 18:49:06 priamoryki /usr/lib/gdm3/gdm-x-session[1201]: Information:  Initializing extension GLX
Sep 28 18:49:06 priamoryki /usr/lib/gdm3/gdm-x-session[1201]: Information:  AIGLX: Loaded and initialized iris
Sep 28 18:49:06 priamoryki /usr/lib/gdm3/gdm-x-session[1201]: Information:  GLX: Initialized DRI2 GL provider for screen 0
Sep 28 18:49:06 priamoryki /usr/lib/gdm3/gdm-x-session[1201]: Information:  Initializing extension XFree86-VidModeExtension
Sep 28 18:49:06 priamoryki /usr/lib/gdm3/gdm-x-session[1201]: Information:  Initializing extension XFree86-DGA
Sep 28 18:49:06 priamoryki /usr/lib/gdm3/gdm-x-session[1201]: Information:  Initializing extension XFree86-DRI
Sep 28 18:49:06 priamoryki /usr/lib/gdm3/gdm-x-session[1201]: Information:  Initializing extension DRI2
Sep 28 18:49:06 priamoryki /usr/lib/gdm3/gdm-x-session[1201]: Information:  modeset(0): Damage tracking initialized
Sep 28 18:49:06 priamoryki /usr/lib/gdm3/gdm-x-session[1201]: Information:  modeset(0): Setting screen physical size to 508 x 285
Sep 28 18:49:06 priamoryki /usr/lib/gdm3/gdm-x-session[1201]: Information:  config/udev: Adding input device Power Button (/dev/input/event2)
Sep 28 18:49:06 priamoryki /usr/lib/gdm3/gdm-x-session[1201]: Information:  LoadModule: "libinput"
Sep 28 18:49:06 priamoryki /usr/lib/gdm3/gdm-x-session[1201]: Information:  Loading /usr/lib/xorg/modules/input/libinput_drv.so
Sep 28 18:49:06 priamoryki /usr/lib/gdm3/gdm-x-session[1201]: Information:  Module libinput: vendor="X.Org Foundation"
Sep 28 18:49:06 priamoryki /usr/lib/gdm3/gdm-x-session[1201]: Information:  Using input driver 'libinput' for 'Power Button'
Sep 28 18:49:06 priamoryki /usr/lib/gdm3/gdm-x-session[1201]: Information:  systemd-logind: got fd for /dev/input/event2 13:66 fd 26 paused 0
Sep 28 18:49:06 priamoryki /usr/lib/gdm3/gdm-x-session[1201]: Information:  event2  - Power Button: is tagged by udev as: Keyboard
Sep 28 18:49:06 priamoryki /usr/lib/gdm3/gdm-x-session[1201]: Information:  event2  - Power Button: device is a keyboard
Sep 28 18:49:06 priamoryki /usr/lib/gdm3/gdm-x-session[1201]: Information:  event2  - Power Button: device removed
Sep 28 18:49:06 priamoryki /usr/lib/gdm3/gdm-x-session[1201]: Information:  XINPUT: Adding extended input device "Power Button" (type: KEYBOARD, id 6)
Sep 28 18:49:06 priamoryki /usr/lib/gdm3/gdm-x-session[1201]: Information:  event2  - Power Button: is tagged by udev as: Keyboard
Sep 28 18:49:06 priamoryki /usr/lib/gdm3/gdm-x-session[1201]: Information:  event2  - Power Button: device is a keyboard
Sep 28 18:49:06 priamoryki /usr/lib/gdm3/gdm-x-session[1201]: Information:  config/udev: Adding input device Video Bus (/dev/input/event9)
Sep 28 18:49:06 priamoryki /usr/lib/gdm3/gdm-x-session[1201]: Information:  Using input driver 'libinput' for 'Video Bus'
Sep 28 18:49:06 priamoryki /usr/lib/gdm3/gdm-x-session[1201]: Information:  systemd-logind: got fd for /dev/input/event9 13:73 fd 29 paused 0
Sep 28 18:49:06 priamoryki /usr/lib/gdm3/gdm-x-session[1201]: Information:  event9  - Video Bus: is tagged by udev as: Keyboard
Sep 28 18:49:06 priamoryki /usr/lib/gdm3/gdm-x-session[1201]: Information:  event9  - Video Bus: device is a keyboard
Sep 28 18:49:06 priamoryki /usr/lib/gdm3/gdm-x-session[1201]: Information:  event9  - Video Bus: device removed
Sep 28 18:49:06 priamoryki /usr/lib/gdm3/gdm-x-session[1201]: Information:  XINPUT: Adding extended input device "Video Bus" (type: KEYBOARD, id 7)
Sep 28 18:49:06 priamoryki /usr/lib/gdm3/gdm-x-session[1201]: Information:  event9  - Video Bus: is tagged by udev as: Keyboard
Sep 28 18:49:06 priamoryki /usr/lib/gdm3/gdm-x-session[1201]: Information:  event9  - Video Bus: device is a keyboard
Sep 28 18:49:06 priamoryki /usr/lib/gdm3/gdm-x-session[1201]: Information:  config/udev: Adding input device Power Button (/dev/input/event0)
Sep 28 18:49:06 priamoryki /usr/lib/gdm3/gdm-x-session[1201]: Information:  Using input driver 'libinput' for 'Power Button'
Sep 28 18:49:06 priamoryki /usr/lib/gdm3/gdm-x-session[1201]: Information:  systemd-logind: got fd for /dev/input/event0 13:64 fd 30 paused 0
Sep 28 18:49:06 priamoryki /usr/lib/gdm3/gdm-x-session[1201]: Information:  event0  - Power Button: is tagged by udev as: Keyboard
Sep 28 18:49:06 priamoryki /usr/lib/gdm3/gdm-x-session[1201]: Information:  event0  - Power Button: device is a keyboard
Sep 28 18:49:06 priamoryki /usr/lib/gdm3/gdm-x-session[1201]: Information:  event0  - Power Button: device removed
Sep 28 18:49:06 priamoryki /usr/lib/gdm3/gdm-x-session[1201]: Information:  XINPUT: Adding extended input device "Power Button" (type: KEYBOARD, id 8)
Sep 28 18:49:06 priamoryki /usr/lib/gdm3/gdm-x-session[1201]: Information:  event0  - Power Button: is tagged by udev as: Keyboard
Sep 28 18:49:06 priamoryki /usr/lib/gdm3/gdm-x-session[1201]: Information:  event0  - Power Button: device is a keyboard
Sep 28 18:49:06 priamoryki /usr/lib/gdm3/gdm-x-session[1201]: Information:  config/udev: Adding input device Lid Switch (/dev/input/event1)
Sep 28 18:49:06 priamoryki /usr/lib/gdm3/gdm-x-session[1201]: Information:  No input driver specified, ignoring this device.
Sep 28 18:49:06 priamoryki /usr/lib/gdm3/gdm-x-session[1201]: Information:  This device may have been added with another device file.
Sep 28 18:49:06 priamoryki /usr/lib/gdm3/gdm-x-session[1201]: Information:  config/udev: Adding input device Video Bus (/dev/input/event10)
Sep 28 18:49:06 priamoryki /usr/lib/gdm3/gdm-x-session[1201]: Information:  Using input driver 'libinput' for 'Video Bus'
Sep 28 18:49:06 priamoryki /usr/lib/gdm3/gdm-x-session[1201]: Information:  systemd-logind: got fd for /dev/input/event10 13:74 fd 31 paused 0
Sep 28 18:49:06 priamoryki /usr/lib/gdm3/gdm-x-session[1201]: Information:  event10 - Video Bus: is tagged by udev as: Keyboard
Sep 28 18:49:06 priamoryki /usr/lib/gdm3/gdm-x-session[1201]: Information:  event10 - Video Bus: device is a keyboard
Sep 28 18:49:06 priamoryki /usr/lib/gdm3/gdm-x-session[1201]: Information:  event10 - Video Bus: device removed
Sep 28 18:49:06 priamoryki /usr/lib/gdm3/gdm-x-session[1201]: Information:  XINPUT: Adding extended input device "Video Bus" (type: KEYBOARD, id 9)
Sep 28 18:49:06 priamoryki /usr/lib/gdm3/gdm-x-session[1201]: Information:  event10 - Video Bus: is tagged by udev as: Keyboard
Sep 28 18:49:06 priamoryki /usr/lib/gdm3/gdm-x-session[1201]: Information:  event10 - Video Bus: device is a keyboard
Sep 28 18:49:06 priamoryki /usr/lib/gdm3/gdm-x-session[1201]: Information:  config/udev: Adding input device SINOWEALTH Wired Gaming Mouse (/dev/input/event18)
Sep 28 18:49:06 priamoryki /usr/lib/gdm3/gdm-x-session[1201]: Information:  Using input driver 'libinput' for 'SINOWEALTH Wired Gaming Mouse'
Sep 28 18:49:06 priamoryki /usr/lib/gdm3/gdm-x-session[1201]: Information:  systemd-logind: got fd for /dev/input/event18 13:82 fd 32 paused 0
Sep 28 18:49:06 priamoryki /usr/lib/gdm3/gdm-x-session[1201]: Information:  event18 - SINOWEALTH Wired Gaming Mouse: is tagged by udev as: Mouse
Sep 28 18:49:06 priamoryki /usr/lib/gdm3/gdm-x-session[1201]: Information:  event18 - SINOWEALTH Wired Gaming Mouse: device is a pointer
Sep 28 18:49:06 priamoryki /usr/lib/gdm3/gdm-x-session[1201]: Information:  event18 - SINOWEALTH Wired Gaming Mouse: device removed
Sep 28 18:49:06 priamoryki /usr/lib/gdm3/gdm-x-session[1201]: Information:  XINPUT: Adding extended input device "SINOWEALTH Wired Gaming Mouse" (type: MOUSE, id 10)
Sep 28 18:49:06 priamoryki /usr/lib/gdm3/gdm-x-session[1201]: Information:  event18 - SINOWEALTH Wired Gaming Mouse: is tagged by udev as: Mouse
Sep 28 18:49:06 priamoryki /usr/lib/gdm3/gdm-x-session[1201]: Information:  event18 - SINOWEALTH Wired Gaming Mouse: device is a pointer
Sep 28 18:49:06 priamoryki /usr/lib/gdm3/gdm-x-session[1201]: Information:  config/udev: Adding input device SINOWEALTH Wired Gaming Mouse (/dev/input/mouse3)
Sep 28 18:49:06 priamoryki /usr/lib/gdm3/gdm-x-session[1201]: Information:  No input driver specified, ignoring this device.
Sep 28 18:49:06 priamoryki /usr/lib/gdm3/gdm-x-session[1201]: Information:  This device may have been added with another device file.
Sep 28 18:49:06 priamoryki /usr/lib/gdm3/gdm-x-session[1201]: Information:  config/udev: Adding input device SINOWEALTH Wired Gaming Mouse Keyboard (/dev/input/event19)
Sep 28 18:49:06 priamoryki /usr/lib/gdm3/gdm-x-session[1201]: Information:  Using input driver 'libinput' for 'SINOWEALTH Wired Gaming Mouse Keyboard'
Sep 28 18:49:06 priamoryki /usr/lib/gdm3/gdm-x-session[1201]: Information:  systemd-logind: got fd for /dev/input/event19 13:83 fd 33 paused 0
Sep 28 18:49:06 priamoryki /usr/lib/gdm3/gdm-x-session[1201]: Information:  event19 - SINOWEALTH Wired Gaming Mouse Keyboard: is tagged by udev as: Keyboard
Sep 28 18:49:06 priamoryki /usr/lib/gdm3/gdm-x-session[1201]: Information:  event19 - SINOWEALTH Wired Gaming Mouse Keyboard: device is a keyboard
Sep 28 18:49:06 priamoryki /usr/lib/gdm3/gdm-x-session[1201]: Information:  event19 - SINOWEALTH Wired Gaming Mouse Keyboard: device removed
Sep 28 18:49:06 priamoryki /usr/lib/gdm3/gdm-x-session[1201]: Information:  XINPUT: Adding extended input device "SINOWEALTH Wired Gaming Mouse Keyboard" (type: KEYBOARD, id 11)
Sep 28 18:49:06 priamoryki /usr/lib/gdm3/gdm-x-session[1201]: Information:  event19 - SINOWEALTH Wired Gaming Mouse Keyboard: is tagged by udev as: Keyboard
Sep 28 18:49:06 priamoryki /usr/lib/gdm3/gdm-x-session[1201]: Information:  event19 - SINOWEALTH Wired Gaming Mouse Keyboard: device is a keyboard
Sep 28 18:49:06 priamoryki /usr/lib/gdm3/gdm-x-session[1201]: Information:  config/udev: Adding input device Logitech USB Keyboard (/dev/input/event20)
Sep 28 18:49:06 priamoryki /usr/lib/gdm3/gdm-x-session[1201]: Information:  Using input driver 'libinput' for 'Logitech USB Keyboard'
Sep 28 18:49:06 priamoryki /usr/lib/gdm3/gdm-x-session[1201]: Information:  systemd-logind: got fd for /dev/input/event20 13:84 fd 34 paused 0
Sep 28 18:49:06 priamoryki /usr/lib/gdm3/gdm-x-session[1201]: Information:  event20 - Logitech USB Keyboard: is tagged by udev as: Keyboard
Sep 28 18:49:06 priamoryki /usr/lib/gdm3/gdm-x-session[1201]: Information:  event20 - Logitech USB Keyboard: device is a keyboard
Sep 28 18:49:06 priamoryki /usr/lib/gdm3/gdm-x-session[1201]: Information:  event20 - Logitech USB Keyboard: device removed
Sep 28 18:49:06 priamoryki /usr/lib/gdm3/gdm-x-session[1201]: Information:  XINPUT: Adding extended input device "Logitech USB Keyboard" (type: KEYBOARD, id 12)
Sep 28 18:49:06 priamoryki /usr/lib/gdm3/gdm-x-session[1201]: Information:  event20 - Logitech USB Keyboard: is tagged by udev as: Keyboard
Sep 28 18:49:06 priamoryki /usr/lib/gdm3/gdm-x-session[1201]: Information:  event20 - Logitech USB Keyboard: device is a keyboard
Sep 28 18:49:06 priamoryki /usr/lib/gdm3/gdm-x-session[1201]: Information:  config/udev: Adding input device Logitech USB Keyboard Consumer Control (/dev/input/event21)
Sep 28 18:49:06 priamoryki /usr/lib/gdm3/gdm-x-session[1201]: Information:  Using input driver 'libinput' for 'Logitech USB Keyboard Consumer Control'
Sep 28 18:49:06 priamoryki /usr/lib/gdm3/gdm-x-session[1201]: Information:  systemd-logind: got fd for /dev/input/event21 13:85 fd 35 paused 0
Sep 28 18:49:06 priamoryki /usr/lib/gdm3/gdm-x-session[1201]: Information:  event21 - Logitech USB Keyboard Consumer Control: is tagged by udev as: Keyboard
Sep 28 18:49:06 priamoryki /usr/lib/gdm3/gdm-x-session[1201]: Information:  event21 - Logitech USB Keyboard Consumer Control: device is a keyboard
Sep 28 18:49:06 priamoryki /usr/lib/gdm3/gdm-x-session[1201]: Information:  event21 - Logitech USB Keyboard Consumer Control: device removed
Sep 28 18:49:06 priamoryki /usr/lib/gdm3/gdm-x-session[1201]: Information:  libinput: Logitech USB Keyboard Consumer Control: needs a virtual subdevice
Sep 28 18:49:06 priamoryki /usr/lib/gdm3/gdm-x-session[1201]: Information:  XINPUT: Adding extended input device "Logitech USB Keyboard Consumer Control" (type: MOUSE, id 13)
Sep 28 18:49:06 priamoryki /usr/lib/gdm3/gdm-x-session[1201]: Information:  event21 - Logitech USB Keyboard Consumer Control: is tagged by udev as: Keyboard
Sep 28 18:49:06 priamoryki /usr/lib/gdm3/gdm-x-session[1201]: Information:  event21 - Logitech USB Keyboard Consumer Control: device is a keyboard
Sep 28 18:49:06 priamoryki /usr/lib/gdm3/gdm-x-session[1201]: Information:  config/udev: Adding input device Logitech USB Keyboard System Control (/dev/input/event22)
Sep 28 18:49:06 priamoryki /usr/lib/gdm3/gdm-x-session[1201]: Information:  Using input driver 'libinput' for 'Logitech USB Keyboard System Control'
Sep 28 18:49:06 priamoryki /usr/lib/gdm3/gdm-x-session[1201]: Information:  systemd-logind: got fd for /dev/input/event22 13:86 fd 36 paused 0
Sep 28 18:49:06 priamoryki /usr/lib/gdm3/gdm-x-session[1201]: Information:  event22 - Logitech USB Keyboard System Control: is tagged by udev as: Keyboard
Sep 28 18:49:06 priamoryki /usr/lib/gdm3/gdm-x-session[1201]: Information:  event22 - Logitech USB Keyboard System Control: device is a keyboard
Sep 28 18:49:06 priamoryki /usr/lib/gdm3/gdm-x-session[1201]: Information:  event22 - Logitech USB Keyboard System Control: device removed
Sep 28 18:49:06 priamoryki /usr/lib/gdm3/gdm-x-session[1201]: Information:  XINPUT: Adding extended input device "Logitech USB Keyboard System Control" (type: KEYBOARD, id 14)
Sep 28 18:49:06 priamoryki /usr/lib/gdm3/gdm-x-session[1201]: Information:  event22 - Logitech USB Keyboard System Control: is tagged by udev as: Keyboard
Sep 28 18:49:06 priamoryki /usr/lib/gdm3/gdm-x-session[1201]: Information:  event22 - Logitech USB Keyboard System Control: device is a keyboard
Sep 28 18:49:06 priamoryki /usr/lib/gdm3/gdm-x-session[1201]: Information:  config/udev: Adding input device USB PnP Audio Device (/dev/input/event23)
Sep 28 18:49:06 priamoryki /usr/lib/gdm3/gdm-x-session[1201]: Information:  Using input driver 'libinput' for 'USB PnP Audio Device'
Sep 28 18:49:06 priamoryki /usr/lib/gdm3/gdm-x-session[1201]: Information:  systemd-logind: got fd for /dev/input/event23 13:87 fd 37 paused 0
Sep 28 18:49:06 priamoryki /usr/lib/gdm3/gdm-x-session[1201]: Information:  event23 - USB PnP Audio Device: is tagged by udev as: Keyboard
Sep 28 18:49:06 priamoryki /usr/lib/gdm3/gdm-x-session[1201]: Information:  event23 - USB PnP Audio Device: device is a keyboard
Sep 28 18:49:06 priamoryki /usr/lib/gdm3/gdm-x-session[1201]: Information:  event23 - USB PnP Audio Device: device removed
Sep 28 18:49:06 priamoryki /usr/lib/gdm3/gdm-x-session[1201]: Information:  XINPUT: Adding extended input device "USB PnP Audio Device" (type: KEYBOARD, id 15)
Sep 28 18:49:06 priamoryki /usr/lib/gdm3/gdm-x-session[1201]: Information:  event23 - USB PnP Audio Device: is tagged by udev as: Keyboard
Sep 28 18:49:06 priamoryki /usr/lib/gdm3/gdm-x-session[1201]: Information:  event23 - USB PnP Audio Device: device is a keyboard
Sep 28 18:49:06 priamoryki /usr/lib/gdm3/gdm-x-session[1201]: Information:  config/udev: Adding input device XiaoMi USB 2.0 Webcam: XiaoMi U (/dev/input/event17)
Sep 28 18:49:06 priamoryki /usr/lib/gdm3/gdm-x-session[1201]: Information:  Using input driver 'libinput' for 'XiaoMi USB 2.0 Webcam: XiaoMi U'
Sep 28 18:49:06 priamoryki /usr/lib/gdm3/gdm-x-session[1201]: Information:  systemd-logind: got fd for /dev/input/event17 13:81 fd 38 paused 0
Sep 28 18:49:06 priamoryki /usr/lib/gdm3/gdm-x-session[1201]: Information:  event17 - XiaoMi USB 2.0 Webcam: XiaoMi U: is tagged by udev as: Keyboard
Sep 28 18:49:06 priamoryki /usr/lib/gdm3/gdm-x-session[1201]: Information:  event17 - XiaoMi USB 2.0 Webcam: XiaoMi U: device is a keyboard
Sep 28 18:49:06 priamoryki /usr/lib/gdm3/gdm-x-session[1201]: Information:  event17 - XiaoMi USB 2.0 Webcam: XiaoMi U: device removed
Sep 28 18:49:06 priamoryki /usr/lib/gdm3/gdm-x-session[1201]: Information:  XINPUT: Adding extended input device "XiaoMi USB 2.0 Webcam: XiaoMi U" (type: KEYBOARD, id 16)
Sep 28 18:49:06 priamoryki /usr/lib/gdm3/gdm-x-session[1201]: Information:  event17 - XiaoMi USB 2.0 Webcam: XiaoMi U: is tagged by udev as: Keyboard
Sep 28 18:49:06 priamoryki /usr/lib/gdm3/gdm-x-session[1201]: Information:  event17 - XiaoMi USB 2.0 Webcam: XiaoMi U: device is a keyboard
Sep 28 18:49:06 priamoryki /usr/lib/gdm3/gdm-x-session[1201]: Information:  config/udev: Adding input device ELAN2303:00 04F3:3083 Mouse (/dev/input/event4)
Sep 28 18:49:06 priamoryki /usr/lib/gdm3/gdm-x-session[1201]: Information:  Using input driver 'libinput' for 'ELAN2303:00 04F3:3083 Mouse'
Sep 28 18:49:06 priamoryki /usr/lib/gdm3/gdm-x-session[1201]: Information:  systemd-logind: got fd for /dev/input/event4 13:68 fd 39 paused 0
Sep 28 18:49:06 priamoryki /usr/lib/gdm3/gdm-x-session[1201]: Information:  event4  - ELAN2303:00 04F3:3083 Mouse: is tagged by udev as: Mouse Pointingstick
Sep 28 18:49:06 priamoryki /usr/lib/gdm3/gdm-x-session[1201]: Information:  event4  - ELAN2303:00 04F3:3083 Mouse: device is a pointer
Sep 28 18:49:06 priamoryki /usr/lib/gdm3/gdm-x-session[1201]: Information:  event4  - ELAN2303:00 04F3:3083 Mouse: device removed
Sep 28 18:49:06 priamoryki /usr/lib/gdm3/gdm-x-session[1201]: Information:  XINPUT: Adding extended input device "ELAN2303:00 04F3:3083 Mouse" (type: MOUSE, id 17)
Sep 28 18:49:06 priamoryki /usr/lib/gdm3/gdm-x-session[1201]: Information:  event4  - ELAN2303:00 04F3:3083 Mouse: is tagged by udev as: Mouse Pointingstick
Sep 28 18:49:06 priamoryki /usr/lib/gdm3/gdm-x-session[1201]: Information:  event4  - ELAN2303:00 04F3:3083 Mouse: device is a pointer
Sep 28 18:49:06 priamoryki /usr/lib/gdm3/gdm-x-session[1201]: Information:  config/udev: Adding input device ELAN2303:00 04F3:3083 Mouse (/dev/input/mouse0)
Sep 28 18:49:06 priamoryki /usr/lib/gdm3/gdm-x-session[1201]: Information:  No input driver specified, ignoring this device.
Sep 28 18:49:06 priamoryki /usr/lib/gdm3/gdm-x-session[1201]: Information:  This device may have been added with another device file.
Sep 28 18:49:06 priamoryki /usr/lib/gdm3/gdm-x-session[1201]: Information:  config/udev: Adding input device ELAN2303:00 04F3:3083 Touchpad (/dev/input/event5)
Sep 28 18:49:06 priamoryki /usr/lib/gdm3/gdm-x-session[1201]: Information:  Using input driver 'libinput' for 'ELAN2303:00 04F3:3083 Touchpad'
Sep 28 18:49:06 priamoryki /usr/lib/gdm3/gdm-x-session[1201]: Information:  systemd-logind: got fd for /dev/input/event5 13:69 fd 40 paused 0
Sep 28 18:49:06 priamoryki /usr/lib/gdm3/gdm-x-session[1201]: Information:  event5  - ELAN2303:00 04F3:3083 Touchpad: is tagged by udev as: Touchpad
Sep 28 18:49:06 priamoryki /usr/lib/gdm3/gdm-x-session[1201]: Information:  event5  - ELAN2303:00 04F3:3083 Touchpad: device is a touchpad
Sep 28 18:49:06 priamoryki /usr/lib/gdm3/gdm-x-session[1201]: Information:  event5  - ELAN2303:00 04F3:3083 Touchpad: device removed
Sep 28 18:49:06 priamoryki /usr/lib/gdm3/gdm-x-session[1201]: Information:  XINPUT: Adding extended input device "ELAN2303:00 04F3:3083 Touchpad" (type: TOUCHPAD, id 18)
Sep 28 18:49:06 priamoryki /usr/lib/gdm3/gdm-x-session[1201]: Information:  event5  - ELAN2303:00 04F3:3083 Touchpad: is tagged by udev as: Touchpad
Sep 28 18:49:06 priamoryki /usr/lib/gdm3/gdm-x-session[1201]: Information:  event5  - ELAN2303:00 04F3:3083 Touchpad: device is a touchpad
Sep 28 18:49:06 priamoryki /usr/lib/gdm3/gdm-x-session[1201]: Information:  config/udev: Adding input device ELAN2303:00 04F3:3083 Touchpad (/dev/input/mouse1)
Sep 28 18:49:06 priamoryki /usr/lib/gdm3/gdm-x-session[1201]: Information:  No input driver specified, ignoring this device.
Sep 28 18:49:06 priamoryki /usr/lib/gdm3/gdm-x-session[1201]: Information:  This device may have been added with another device file.
Sep 28 18:49:06 priamoryki /usr/lib/gdm3/gdm-x-session[1201]: Information:  config/udev: Adding input device HDA Intel PCH Front Headphone (/dev/input/event11)
Sep 28 18:49:06 priamoryki /usr/lib/gdm3/gdm-x-session[1201]: Information:  No input driver specified, ignoring this device.
Sep 28 18:49:06 priamoryki /usr/lib/gdm3/gdm-x-session[1201]: Information:  This device may have been added with another device file.
Sep 28 18:49:06 priamoryki /usr/lib/gdm3/gdm-x-session[1201]: Information:  config/udev: Adding input device HDA Intel PCH HDMI/DP,pcm=3 (/dev/input/event12)
Sep 28 18:49:06 priamoryki /usr/lib/gdm3/gdm-x-session[1201]: Information:  No input driver specified, ignoring this device.
Sep 28 18:49:06 priamoryki /usr/lib/gdm3/gdm-x-session[1201]: Information:  This device may have been added with another device file.
Sep 28 18:49:06 priamoryki /usr/lib/gdm3/gdm-x-session[1201]: Information:  config/udev: Adding input device HDA Intel PCH HDMI/DP,pcm=7 (/dev/input/event13)
Sep 28 18:49:06 priamoryki /usr/lib/gdm3/gdm-x-session[1201]: Information:  No input driver specified, ignoring this device.
Sep 28 18:49:06 priamoryki /usr/lib/gdm3/gdm-x-session[1201]: Information:  This device may have been added with another device file.
Sep 28 18:49:06 priamoryki /usr/lib/gdm3/gdm-x-session[1201]: Information:  config/udev: Adding input device HDA Intel PCH HDMI/DP,pcm=8 (/dev/input/event14)
Sep 28 18:49:06 priamoryki /usr/lib/gdm3/gdm-x-session[1201]: Information:  No input driver specified, ignoring this device.
Sep 28 18:49:06 priamoryki /usr/lib/gdm3/gdm-x-session[1201]: Information:  This device may have been added with another device file.
Sep 28 18:49:06 priamoryki /usr/lib/gdm3/gdm-x-session[1201]: Information:  config/udev: Adding input device HDA Intel PCH HDMI/DP,pcm=9 (/dev/input/event15)
Sep 28 18:49:06 priamoryki /usr/lib/gdm3/gdm-x-session[1201]: Information:  No input driver specified, ignoring this device.
Sep 28 18:49:06 priamoryki /usr/lib/gdm3/gdm-x-session[1201]: Information:  This device may have been added with another device file.
Sep 28 18:49:06 priamoryki /usr/lib/gdm3/gdm-x-session[1201]: Information:  config/udev: Adding input device HDA Intel PCH HDMI/DP,pcm=10 (/dev/input/event16)
Sep 28 18:49:06 priamoryki /usr/lib/gdm3/gdm-x-session[1201]: Information:  No input driver specified, ignoring this device.
Sep 28 18:49:06 priamoryki /usr/lib/gdm3/gdm-x-session[1201]: Information:  This device may have been added with another device file.
Sep 28 18:49:06 priamoryki /usr/lib/gdm3/gdm-x-session[1201]: Information:  config/udev: Adding input device Xiaomi WMI keys (/dev/input/event7)
Sep 28 18:49:06 priamoryki /usr/lib/gdm3/gdm-x-session[1201]: Information:  Using input driver 'libinput' for 'Xiaomi WMI keys'
Sep 28 18:49:06 priamoryki /usr/lib/gdm3/gdm-x-session[1201]: Information:  systemd-logind: got fd for /dev/input/event7 13:71 fd 41 paused 0
Sep 28 18:49:06 priamoryki /usr/lib/gdm3/gdm-x-session[1201]: Information:  event7  - Xiaomi WMI keys: is tagged by udev as: Keyboard
Sep 28 18:49:06 priamoryki /usr/lib/gdm3/gdm-x-session[1201]: Information:  event7  - Xiaomi WMI keys: device is a keyboard
Sep 28 18:49:06 priamoryki /usr/lib/gdm3/gdm-x-session[1201]: Information:  event7  - Xiaomi WMI keys: device removed
Sep 28 18:49:06 priamoryki /usr/lib/gdm3/gdm-x-session[1201]: Information:  XINPUT: Adding extended input device "Xiaomi WMI keys" (type: KEYBOARD, id 19)
Sep 28 18:49:06 priamoryki /usr/lib/gdm3/gdm-x-session[1201]: Information:  event7  - Xiaomi WMI keys: is tagged by udev as: Keyboard
Sep 28 18:49:06 priamoryki /usr/lib/gdm3/gdm-x-session[1201]: Information:  event7  - Xiaomi WMI keys: device is a keyboard
Sep 28 18:49:06 priamoryki /usr/lib/gdm3/gdm-x-session[1201]: Information:  config/udev: Adding input device Xiaomi WMI keys (/dev/input/event8)
Sep 28 18:49:06 priamoryki /usr/lib/gdm3/gdm-x-session[1201]: Information:  Using input driver 'libinput' for 'Xiaomi WMI keys'
Sep 28 18:49:06 priamoryki /usr/lib/gdm3/gdm-x-session[1201]: Information:  systemd-logind: got fd for /dev/input/event8 13:72 fd 42 paused 0
Sep 28 18:49:06 priamoryki /usr/lib/gdm3/gdm-x-session[1201]: Information:  event8  - Xiaomi WMI keys: is tagged by udev as: Keyboard
Sep 28 18:49:06 priamoryki /usr/lib/gdm3/gdm-x-session[1201]: Information:  event8  - Xiaomi WMI keys: device is a keyboard
Sep 28 18:49:06 priamoryki /usr/lib/gdm3/gdm-x-session[1201]: Information:  event8  - Xiaomi WMI keys: device removed
Sep 28 18:49:06 priamoryki /usr/lib/gdm3/gdm-x-session[1201]: Information:  XINPUT: Adding extended input device "Xiaomi WMI keys" (type: KEYBOARD, id 20)
Sep 28 18:49:06 priamoryki /usr/lib/gdm3/gdm-x-session[1201]: Information:  event8  - Xiaomi WMI keys: is tagged by udev as: Keyboard
Sep 28 18:49:06 priamoryki /usr/lib/gdm3/gdm-x-session[1201]: Information:  event8  - Xiaomi WMI keys: device is a keyboard
Sep 28 18:49:06 priamoryki /usr/lib/gdm3/gdm-x-session[1201]: Information:  config/udev: Adding input device AT Translated Set 2 keyboard (/dev/input/event3)
Sep 28 18:49:06 priamoryki /usr/lib/gdm3/gdm-x-session[1201]: Information:  Using input driver 'libinput' for 'AT Translated Set 2 keyboard'
Sep 28 18:49:06 priamoryki /usr/lib/gdm3/gdm-x-session[1201]: Information:  systemd-logind: got fd for /dev/input/event3 13:67 fd 43 paused 0
Sep 28 18:49:06 priamoryki /usr/lib/gdm3/gdm-x-session[1201]: Information:  event3  - AT Translated Set 2 keyboard: is tagged by udev as: Keyboard
Sep 28 18:49:06 priamoryki /usr/lib/gdm3/gdm-x-session[1201]: Information:  event3  - AT Translated Set 2 keyboard: device is a keyboard
Sep 28 18:49:06 priamoryki /usr/lib/gdm3/gdm-x-session[1201]: Information:  event3  - AT Translated Set 2 keyboard: device removed
Sep 28 18:49:06 priamoryki /usr/lib/gdm3/gdm-x-session[1201]: Information:  XINPUT: Adding extended input device "AT Translated Set 2 keyboard" (type: KEYBOARD, id 21)
Sep 28 18:49:06 priamoryki /usr/lib/gdm3/gdm-x-session[1201]: Information:  event3  - AT Translated Set 2 keyboard: is tagged by udev as: Keyboard
Sep 28 18:49:06 priamoryki /usr/lib/gdm3/gdm-x-session[1201]: Information:  event3  - AT Translated Set 2 keyboard: device is a keyboard
Sep 28 18:49:06 priamoryki /usr/lib/gdm3/gdm-x-session[1201]: Information:  config/udev: Adding input device ETPS/2 Elantech Touchpad (/dev/input/event6)
Sep 28 18:49:06 priamoryki /usr/lib/gdm3/gdm-x-session[1201]: Information:  Using input driver 'libinput' for 'ETPS/2 Elantech Touchpad'
Sep 28 18:49:06 priamoryki /usr/lib/gdm3/gdm-x-session[1201]: Information:  systemd-logind: got fd for /dev/input/event6 13:70 fd 44 paused 0
Sep 28 18:49:06 priamoryki /usr/lib/gdm3/gdm-x-session[1201]: Information:  event6  - ETPS/2 Elantech Touchpad: is tagged by udev as: Touchpad
Sep 28 18:49:06 priamoryki /usr/lib/gdm3/gdm-x-session[1201]: Information:  event6  - ETPS/2 Elantech Touchpad: device is a touchpad
Sep 28 18:49:06 priamoryki /usr/lib/gdm3/gdm-x-session[1201]: Information:  event6  - ETPS/2 Elantech Touchpad: device removed
Sep 28 18:49:06 priamoryki /usr/lib/gdm3/gdm-x-session[1201]: Information:  XINPUT: Adding extended input device "ETPS/2 Elantech Touchpad" (type: TOUCHPAD, id 22)
Sep 28 18:49:06 priamoryki /usr/lib/gdm3/gdm-x-session[1201]: Information:  event6  - ETPS/2 Elantech Touchpad: is tagged by udev as: Touchpad
Sep 28 18:49:06 priamoryki /usr/lib/gdm3/gdm-x-session[1201]: Information:  event6  - ETPS/2 Elantech Touchpad: device is a touchpad
Sep 28 18:49:06 priamoryki /usr/lib/gdm3/gdm-x-session[1201]: Information:  config/udev: Adding input device ETPS/2 Elantech Touchpad (/dev/input/mouse2)
Sep 28 18:49:06 priamoryki /usr/lib/gdm3/gdm-x-session[1201]: Information:  No input driver specified, ignoring this device.
Sep 28 18:49:06 priamoryki /usr/lib/gdm3/gdm-x-session[1201]: Information:  This device may have been added with another device file.
Sep 28 18:49:06 priamoryki /usr/lib/gdm3/gdm-x-session[1201]: Information:  Using input driver 'libinput' for 'Logitech USB Keyboard Consumer Control'
Sep 28 18:49:06 priamoryki /usr/lib/gdm3/gdm-x-session[1201]: Information:  systemd-logind: returning pre-existing fd for /dev/input/event21 13:85
Sep 28 18:49:06 priamoryki /usr/lib/gdm3/gdm-x-session[1201]: Information:  libinput: Logitech USB Keyboard Consumer Control: is a virtual subdevice
Sep 28 18:49:06 priamoryki /usr/lib/gdm3/gdm-x-session[1201]: Information:  XINPUT: Adding extended input device "Logitech USB Keyboard Consumer Control" (type: KEYBOARD, id 23)
Sep 28 18:49:07 priamoryki /usr/lib/gdm3/gdm-x-session[1201]: Information:  modeset(0): EDID vendor "SHP", prod id 5315
Sep 28 18:49:07 priamoryki /usr/lib/gdm3/gdm-x-session[1201]: Information:  modeset(0): Printing DDC gathered Modelines:
Sep 28 18:49:07 priamoryki /usr/lib/gdm3/gdm-x-session[1201]: Information:  modeset(0): Modeline "1920x1080"x0.0  138.50  1920 1968 2000 2080  1080 1083 1088 1110 -hsync -vsync (66.6 kHz eP)
Sep 28 18:49:07 priamoryki /usr/lib/gdm3/gdm-x-session[1201]: Information:  modeset(0): Modeline "1920x1080"x0.0  110.92  1920 1968 2000 2080  1080 1083 1088 1111 -hsync -vsync (53.3 kHz e)
Sep 28 18:49:07 priamoryki /usr/lib/gdm3/gdm-x-session[1201]: Information:  modeset(0): Allocate new frame buffer 3072x1728 stride
Sep 28 18:49:08 priamoryki /usr/lib/gdm3/gdm-x-session[1201]: Information:  modeset(0): EDID vendor "SHP", prod id 5315
Sep 28 18:49:08 priamoryki /usr/lib/gdm3/gdm-x-session[1201]: Information:  modeset(0): Printing DDC gathered Modelines:
Sep 28 18:49:08 priamoryki /usr/lib/gdm3/gdm-x-session[1201]: Information:  modeset(0): Modeline "1920x1080"x0.0  138.50  1920 1968 2000 2080  1080 1083 1088 1110 -hsync -vsync (66.6 kHz eP)
Sep 28 18:49:08 priamoryki /usr/lib/gdm3/gdm-x-session[1201]: Information:  modeset(0): Modeline "1920x1080"x0.0  110.92  1920 1968 2000 2080  1080 1083 1088 1111 -hsync -vsync (53.3 kHz e)
Sep 28 15:51:30 priamoryki /usr/lib/gdm3/gdm-x-session[1201]: Information:  modeset(0): EDID vendor "SHP", prod id 5315
Sep 28 15:51:30 priamoryki /usr/lib/gdm3/gdm-x-session[1201]: Information:  modeset(0): Printing DDC gathered Modelines:
Sep 28 15:51:30 priamoryki /usr/lib/gdm3/gdm-x-session[1201]: Information:  modeset(0): Modeline "1920x1080"x0.0  138.50  1920 1968 2000 2080  1080 1083 1088 1110 -hsync -vsync (66.6 kHz eP)
Sep 28 15:51:30 priamoryki /usr/lib/gdm3/gdm-x-session[1201]: Information:  modeset(0): Modeline "1920x1080"x0.0  110.92  1920 1968 2000 2080  1080 1083 1088 1111 -hsync -vsync (53.3 kHz e)
Sep 28 16:15:06 priamoryki /usr/lib/gdm3/gdm-x-session[1201]: Information:  config/udev: removing device SINOWEALTH Wired Gaming Mouse
Sep 28 16:15:06 priamoryki /usr/lib/gdm3/gdm-x-session[1201]: Information:  event18 - SINOWEALTH Wired Gaming Mouse: device removed
Sep 28 16:15:06 priamoryki /usr/lib/gdm3/gdm-x-session[1201]: Information:  UnloadModule: "libinput"
Sep 28 16:15:06 priamoryki /usr/lib/gdm3/gdm-x-session[1201]: Information:  systemd-logind: releasing fd for 13:82
Sep 28 16:15:06 priamoryki /usr/lib/gdm3/gdm-x-session[1201]: Information:  config/udev: removing device SINOWEALTH Wired Gaming Mouse Keyboard
Sep 28 16:15:06 priamoryki /usr/lib/gdm3/gdm-x-session[1201]: Information:  event19 - SINOWEALTH Wired Gaming Mouse Keyboard: device removed
Sep 28 16:15:06 priamoryki /usr/lib/gdm3/gdm-x-session[1201]: Information:  UnloadModule: "libinput"
Sep 28 16:15:06 priamoryki /usr/lib/gdm3/gdm-x-session[1201]: Information:  systemd-logind: releasing fd for 13:83
Sep 28 16:15:06 priamoryki /usr/lib/gdm3/gdm-x-session[1201]: Information:  config/udev: removing device Logitech USB Keyboard
Sep 28 16:15:06 priamoryki /usr/lib/gdm3/gdm-x-session[1201]: Information:  event20 - Logitech USB Keyboard: device removed
Sep 28 16:15:06 priamoryki /usr/lib/gdm3/gdm-x-session[1201]: Information:  UnloadModule: "libinput"
Sep 28 16:15:06 priamoryki /usr/lib/gdm3/gdm-x-session[1201]: Information:  systemd-logind: releasing fd for 13:84
Sep 28 16:15:06 priamoryki /usr/lib/gdm3/gdm-x-session[1201]: Information:  config/udev: removing device Logitech USB Keyboard Consumer Control
Sep 28 16:15:06 priamoryki /usr/lib/gdm3/gdm-x-session[1201]: Information:  UnloadModule: "libinput"
Sep 28 16:15:06 priamoryki /usr/lib/gdm3/gdm-x-session[1201]: Information:  systemd-logind: not releasing fd for 13:85, still in use
Sep 28 16:15:06 priamoryki /usr/lib/gdm3/gdm-x-session[1201]: Information:  config/udev: removing device Logitech USB Keyboard Consumer Control
Sep 28 16:15:06 priamoryki /usr/lib/gdm3/gdm-x-session[1201]: Information:  event21 - Logitech USB Keyboard Consumer Control: device removed
Sep 28 16:15:06 priamoryki /usr/lib/gdm3/gdm-x-session[1201]: Information:  UnloadModule: "libinput"
Sep 28 16:15:06 priamoryki /usr/lib/gdm3/gdm-x-session[1201]: Information:  systemd-logind: releasing fd for 13:85
Sep 28 16:15:06 priamoryki /usr/lib/gdm3/gdm-x-session[1201]: Information:  config/udev: removing device Logitech USB Keyboard System Control
Sep 28 16:15:06 priamoryki /usr/lib/gdm3/gdm-x-session[1201]: Information:  event22 - Logitech USB Keyboard System Control: device removed
Sep 28 16:15:06 priamoryki /usr/lib/gdm3/gdm-x-session[1201]: Information:  UnloadModule: "libinput"
Sep 28 16:15:06 priamoryki /usr/lib/gdm3/gdm-x-session[1201]: Information:  systemd-logind: releasing fd for 13:86
Sep 28 16:15:06 priamoryki /usr/lib/gdm3/gdm-x-session[1201]: Information:  config/udev: removing device USB PnP Audio Device
Sep 28 16:15:06 priamoryki /usr/lib/gdm3/gdm-x-session[1201]: Information:  event23 - USB PnP Audio Device: device removed
Sep 28 16:15:06 priamoryki /usr/lib/gdm3/gdm-x-session[1201]: Information:  UnloadModule: "libinput"
Sep 28 16:15:06 priamoryki /usr/lib/gdm3/gdm-x-session[1201]: Information:  systemd-logind: releasing fd for 13:87
Sep 28 16:23:43 priamoryki /usr/lib/gdm3/gdm-x-session[1201]: Information:  modeset(0): EDID vendor "SHP", prod id 5315
Sep 28 16:23:43 priamoryki /usr/lib/gdm3/gdm-x-session[1201]: Information:  modeset(0): Printing DDC gathered Modelines:
Sep 28 16:23:43 priamoryki /usr/lib/gdm3/gdm-x-session[1201]: Information:  modeset(0): Modeline "1920x1080"x0.0  138.50  1920 1968 2000 2080  1080 1083 1088 1110 -hsync -vsync (66.6 kHz eP)
Sep 28 16:23:43 priamoryki /usr/lib/gdm3/gdm-x-session[1201]: Information:  modeset(0): Modeline "1920x1080"x0.0  110.92  1920 1968 2000 2080  1080 1083 1088 1111 -hsync -vsync (53.3 kHz e)
Sep 28 18:49:05 priamoryki /usr/lib/gdm3/gdm-x-session[1201]: Warning:  The directory "/usr/share/fonts/X11/cyrillic" does not exist.
Sep 28 18:49:05 priamoryki /usr/lib/gdm3/gdm-x-session[1201]: Warning:  The directory "/usr/share/fonts/X11/100dpi/" does not exist.
Sep 28 18:49:05 priamoryki /usr/lib/gdm3/gdm-x-session[1201]: Warning:  The directory "/usr/share/fonts/X11/75dpi/" does not exist.
Sep 28 18:49:05 priamoryki /usr/lib/gdm3/gdm-x-session[1201]: Warning:  The directory "/usr/share/fonts/X11/100dpi" does not exist.
Sep 28 18:49:05 priamoryki /usr/lib/gdm3/gdm-x-session[1201]: Warning:  The directory "/usr/share/fonts/X11/75dpi" does not exist.
Sep 28 18:49:05 priamoryki /usr/lib/gdm3/gdm-x-session[1201]: Warning:  Falling back to old probe method for fbdev
Sep 28 18:49:05 priamoryki /usr/lib/gdm3/gdm-x-session[1201]: Warning:  VGA arbiter: cannot open kernel arbiter, no multi-card support
