Sep 28 18:49:05 priamoryki NetworkManager[790]: <info>  [1632844145.1472] Loaded device plugin: NMAtmManager (/usr/lib/x86_64-linux-gnu/NetworkManager/1.22.10/libnm-device-plugin-adsl.so)
Sep 28 18:49:05 priamoryki NetworkManager[790]: <info>  [1632844145.1616] Loaded device plugin: NMBluezManager (/usr/lib/x86_64-linux-gnu/NetworkManager/1.22.10/libnm-device-plugin-bluetooth.so)
Sep 28 18:49:05 priamoryki NetworkManager[790]: <info>  [1632844145.1620] Loaded device plugin: NMWwanFactory (/usr/lib/x86_64-linux-gnu/NetworkManager/1.22.10/libnm-device-plugin-wwan.so)
Sep 28 18:49:05 priamoryki NetworkManager[790]: <info>  [1632844145.1659] Loaded device plugin: NMTeamFactory (/usr/lib/x86_64-linux-gnu/NetworkManager/1.22.10/libnm-device-plugin-team.so)
Sep 28 18:49:05 priamoryki NetworkManager[790]: <info>  [1632844145.1679] Loaded device plugin: NMWifiFactory (/usr/lib/x86_64-linux-gnu/NetworkManager/1.22.10/libnm-device-plugin-wifi.so)
Sep 28 18:49:05 priamoryki NetworkManager[790]: <info>  [1632844145.1682] manager: rfkill: Wi-Fi enabled by radio killswitch; enabled by state file
Sep 28 18:49:05 priamoryki NetworkManager[790]: <info>  [1632844145.1683] manager: rfkill: WWAN enabled by radio killswitch; enabled by state file
Sep 28 18:49:05 priamoryki NetworkManager[790]: <info>  [1632844145.1684] manager: Networking is enabled by state file
Sep 28 18:49:05 priamoryki NetworkManager[790]: <info>  [1632844145.1685] dhcp-init: Using DHCP client 'internal'
Sep 28 18:49:05 priamoryki NetworkManager[790]: <info>  [1632844145.1700] settings: Loaded settings plugin: ifupdown ("/usr/lib/x86_64-linux-gnu/NetworkManager/1.22.10/libnm-settings-plugin-ifupdown.so")
Sep 28 18:49:05 priamoryki NetworkManager[790]: <info>  [1632844145.1700] settings: Loaded settings plugin: keyfile (internal)
Sep 28 18:49:05 priamoryki NetworkManager[790]: <info>  [1632844145.1701] ifupdown: management mode: unmanaged
Sep 28 18:49:05 priamoryki NetworkManager[790]: <info>  [1632844145.1988] device (lo): carrier: link connected
Sep 28 18:49:05 priamoryki NetworkManager[790]: <info>  [1632844145.1991] manager: (lo): new Generic device (/org/freedesktop/NetworkManager/Devices/1)
Sep 28 18:49:05 priamoryki NetworkManager[790]: <info>  [1632844145.1996] device (wlp0s20f3): driver supports Access Point (AP) mode
Sep 28 18:49:05 priamoryki NetworkManager[790]: <info>  [1632844145.2000] manager: (wlp0s20f3): new 802.11 Wi-Fi device (/org/freedesktop/NetworkManager/Devices/2)
Sep 28 18:49:05 priamoryki NetworkManager[790]: <info>  [1632844145.2010] device (wlp0s20f3): state change: unmanaged -> unavailable (reason 'managed', sys-iface-state: 'external')
Sep 28 18:49:05 priamoryki NetworkManager[790]: <info>  [1632844145.3694] manager: (eth0): new Ethernet device (/org/freedesktop/NetworkManager/Devices/3)
Sep 28 18:49:05 priamoryki NetworkManager[790]: <info>  [1632844145.3741] device (eth0): interface index 3 renamed iface from 'eth0' to 'enx00e04c681228'
Sep 28 18:49:05 priamoryki NetworkManager[790]: <info>  [1632844145.3745] device (enx00e04c681228): state change: unmanaged -> unavailable (reason 'managed', sys-iface-state: 'external')
Sep 28 18:49:05 priamoryki NetworkManager[790]: <info>  [1632844145.3803] settings: (enx00e04c681228): created default wired connection 'Проводное соединение 1'
Sep 28 18:49:05 priamoryki NetworkManager[790]: <info>  [1632844145.3818] modem-manager: ModemManager available
Sep 28 18:49:05 priamoryki NetworkManager[790]: <info>  [1632844145.3826] supplicant: wpa_supplicant running
Sep 28 18:49:05 priamoryki NetworkManager[790]: <info>  [1632844145.3826] device (wlp0s20f3): supplicant interface state: init -> starting
Sep 28 18:49:05 priamoryki NetworkManager[790]: <info>  [1632844145.4527] sup-iface[0x563e90879120,wlp0s20f3]: supports 5 scan SSIDs
Sep 28 18:49:05 priamoryki NetworkManager[790]: <info>  [1632844145.4535] device (wlp0s20f3): supplicant interface state: starting -> ready
Sep 28 18:49:05 priamoryki NetworkManager[790]: <info>  [1632844145.4535] Wi-Fi P2P device controlled by interface wlp0s20f3 created
Sep 28 18:49:05 priamoryki NetworkManager[790]: <info>  [1632844145.4538] manager: (p2p-dev-wlp0s20f3): new 802.11 Wi-Fi P2P device (/org/freedesktop/NetworkManager/Devices/4)
Sep 28 18:49:05 priamoryki NetworkManager[790]: <info>  [1632844145.4542] device (p2p-dev-wlp0s20f3): state change: unmanaged -> unavailable (reason 'managed', sys-iface-state: 'external')
Sep 28 18:49:05 priamoryki NetworkManager[790]: <info>  [1632844145.4548] device (p2p-dev-wlp0s20f3): state change: unavailable -> disconnected (reason 'none', sys-iface-state: 'managed')
Sep 28 18:49:05 priamoryki NetworkManager[790]: <info>  [1632844145.4551] device (wlp0s20f3): state change: unavailable -> disconnected (reason 'supplicant-available', sys-iface-state: 'managed')
Sep 28 18:49:07 priamoryki ModemManager[891]: <info>  Couldn't check support for device '/sys/devices/pci0000:00/0000:00:14.3': not supported by any plugin
Sep 28 18:49:07 priamoryki ModemManager[891]: <info>  Couldn't check support for device '/sys/devices/pci0000:00/0000:00:14.0/usb2/2-4/2-4.4': not supported by any plugin
Sep 28 18:49:08 priamoryki NetworkManager[790]: <info>  [1632844148.6784] policy: auto-activating connection 'Redmi' (26f581ea-dc9e-4399-9851-8e53da62a10a)
Sep 28 18:49:08 priamoryki NetworkManager[790]: <info>  [1632844148.6790] device (wlp0s20f3): Activation: starting connection 'Redmi' (26f581ea-dc9e-4399-9851-8e53da62a10a)
Sep 28 18:49:08 priamoryki NetworkManager[790]: <info>  [1632844148.6791] device (wlp0s20f3): state change: disconnected -> prepare (reason 'none', sys-iface-state: 'managed')
Sep 28 18:49:08 priamoryki NetworkManager[790]: <info>  [1632844148.6795] manager: NetworkManager state is now CONNECTING
Sep 28 18:49:08 priamoryki NetworkManager[790]: <info>  [1632844148.6798] device (wlp0s20f3): state change: prepare -> config (reason 'none', sys-iface-state: 'managed')
Sep 28 18:49:08 priamoryki NetworkManager[790]: <info>  [1632844148.6800] device (wlp0s20f3): Activation: (wifi) access point 'Redmi' has security, but secrets are required.
Sep 28 18:49:08 priamoryki NetworkManager[790]: <info>  [1632844148.6801] device (wlp0s20f3): state change: config -> need-auth (reason 'none', sys-iface-state: 'managed')
Sep 28 18:49:08 priamoryki NetworkManager[790]: <info>  [1632844148.6825] device (wlp0s20f3): state change: need-auth -> prepare (reason 'none', sys-iface-state: 'managed')
Sep 28 18:49:08 priamoryki NetworkManager[790]: <info>  [1632844148.6829] device (wlp0s20f3): state change: prepare -> config (reason 'none', sys-iface-state: 'managed')
Sep 28 18:49:08 priamoryki NetworkManager[790]: <info>  [1632844148.6831] device (wlp0s20f3): Activation: (wifi) connection 'Redmi' has security, and secrets exist.  No new secrets needed.
Sep 28 18:49:08 priamoryki NetworkManager[790]: <info>  [1632844148.6831] Config: added 'ssid' value 'Redmi'
Sep 28 18:49:08 priamoryki NetworkManager[790]: <info>  [1632844148.6832] Config: added 'scan_ssid' value '1'
Sep 28 18:49:08 priamoryki NetworkManager[790]: <info>  [1632844148.6832] Config: added 'bgscan' value 'simple:30:-70:86400'
Sep 28 18:49:08 priamoryki NetworkManager[790]: <info>  [1632844148.6832] Config: added 'key_mgmt' value 'WPA-PSK WPA-PSK-SHA256 FT-PSK'
Sep 28 18:49:08 priamoryki NetworkManager[790]: <info>  [1632844148.6832] Config: added 'psk' value '<hidden>'
Sep 28 18:49:08 priamoryki NetworkManager[790]: <info>  [1632844148.6974] device (wlp0s20f3): supplicant interface state: ready -> authenticating
Sep 28 18:49:08 priamoryki NetworkManager[790]: <info>  [1632844148.6974] device (p2p-dev-wlp0s20f3): supplicant management interface state: ready -> authenticating
Sep 28 18:49:08 priamoryki NetworkManager[790]: <info>  [1632844148.7406] device (wlp0s20f3): supplicant interface state: authenticating -> associating
Sep 28 18:49:08 priamoryki NetworkManager[790]: <info>  [1632844148.7406] device (p2p-dev-wlp0s20f3): supplicant management interface state: authenticating -> associating
Sep 28 18:49:08 priamoryki NetworkManager[790]: <info>  [1632844148.7542] device (wlp0s20f3): supplicant interface state: associating -> associated
Sep 28 18:49:08 priamoryki NetworkManager[790]: <info>  [1632844148.7543] device (p2p-dev-wlp0s20f3): supplicant management interface state: associating -> associated
Sep 28 18:49:08 priamoryki NetworkManager[790]: <info>  [1632844148.7712] device (wlp0s20f3): supplicant interface state: associated -> 4-way handshake
Sep 28 18:49:08 priamoryki NetworkManager[790]: <info>  [1632844148.7712] device (p2p-dev-wlp0s20f3): supplicant management interface state: associated -> 4-way handshake
Sep 28 18:49:08 priamoryki NetworkManager[790]: <info>  [1632844148.7929] device (wlp0s20f3): supplicant interface state: 4-way handshake -> completed
Sep 28 18:49:08 priamoryki NetworkManager[790]: <info>  [1632844148.7929] device (wlp0s20f3): Activation: (wifi) Stage 2 of 5 (Device Configure) successful. Connected to wireless network "Redmi"
Sep 28 18:49:08 priamoryki NetworkManager[790]: <info>  [1632844148.7929] device (p2p-dev-wlp0s20f3): supplicant management interface state: 4-way handshake -> completed
Sep 28 18:49:08 priamoryki NetworkManager[790]: <info>  [1632844148.7931] device (wlp0s20f3): state change: config -> ip-config (reason 'none', sys-iface-state: 'managed')
Sep 28 18:49:08 priamoryki NetworkManager[790]: <info>  [1632844148.7934] dhcp4 (wlp0s20f3): activation: beginning transaction (timeout in 45 seconds)
Sep 28 18:49:08 priamoryki NetworkManager[790]: <info>  [1632844148.8151] dhcp4 (wlp0s20f3): option dhcp_lease_time      => '3599'
Sep 28 18:49:08 priamoryki NetworkManager[790]: <info>  [1632844148.8152] dhcp4 (wlp0s20f3): option domain_name_servers  => '192.168.156.2'
Sep 28 18:49:08 priamoryki NetworkManager[790]: <info>  [1632844148.8152] dhcp4 (wlp0s20f3): option expiry               => '1632847747'
Sep 28 18:49:08 priamoryki NetworkManager[790]: <info>  [1632844148.8152] dhcp4 (wlp0s20f3): option host_name            => 'priamoryki'
Sep 28 18:49:08 priamoryki NetworkManager[790]: <info>  [1632844148.8152] dhcp4 (wlp0s20f3): option ip_address           => '192.168.156.114'
Sep 28 18:49:08 priamoryki NetworkManager[790]: <info>  [1632844148.8152] dhcp4 (wlp0s20f3): option next_server          => '192.168.156.2'
Sep 28 18:49:08 priamoryki NetworkManager[790]: <info>  [1632844148.8152] dhcp4 (wlp0s20f3): option requested_broadcast_address => '1'
Sep 28 18:49:08 priamoryki NetworkManager[790]: <info>  [1632844148.8152] dhcp4 (wlp0s20f3): option requested_domain_name => '1'
Sep 28 18:49:08 priamoryki NetworkManager[790]: <info>  [1632844148.8152] dhcp4 (wlp0s20f3): option requested_domain_name_servers => '1'
Sep 28 18:49:08 priamoryki NetworkManager[790]: <info>  [1632844148.8152] dhcp4 (wlp0s20f3): option requested_domain_search => '1'
Sep 28 18:49:08 priamoryki NetworkManager[790]: <info>  [1632844148.8152] dhcp4 (wlp0s20f3): option requested_host_name  => '1'
Sep 28 18:49:08 priamoryki NetworkManager[790]: <info>  [1632844148.8152] dhcp4 (wlp0s20f3): option requested_interface_mtu => '1'
Sep 28 18:49:08 priamoryki NetworkManager[790]: <info>  [1632844148.8152] dhcp4 (wlp0s20f3): option requested_ms_classless_static_routes => '1'
Sep 28 18:49:08 priamoryki NetworkManager[790]: <info>  [1632844148.8152] dhcp4 (wlp0s20f3): option requested_nis_domain => '1'
Sep 28 18:49:08 priamoryki NetworkManager[790]: <info>  [1632844148.8152] dhcp4 (wlp0s20f3): option requested_nis_servers => '1'
Sep 28 18:49:08 priamoryki NetworkManager[790]: <info>  [1632844148.8152] dhcp4 (wlp0s20f3): option requested_ntp_servers => '1'
Sep 28 18:49:08 priamoryki NetworkManager[790]: <info>  [1632844148.8152] dhcp4 (wlp0s20f3): option requested_rfc3442_classless_static_routes => '1'
Sep 28 18:49:08 priamoryki NetworkManager[790]: <info>  [1632844148.8152] dhcp4 (wlp0s20f3): option requested_root_path  => '1'
Sep 28 18:49:08 priamoryki NetworkManager[790]: <info>  [1632844148.8152] dhcp4 (wlp0s20f3): option requested_routers    => '1'
Sep 28 18:49:08 priamoryki NetworkManager[790]: <info>  [1632844148.8152] dhcp4 (wlp0s20f3): option requested_static_routes => '1'
Sep 28 18:49:08 priamoryki NetworkManager[790]: <info>  [1632844148.8152] dhcp4 (wlp0s20f3): option requested_subnet_mask => '1'
Sep 28 18:49:08 priamoryki NetworkManager[790]: <info>  [1632844148.8152] dhcp4 (wlp0s20f3): option requested_time_offset => '1'
Sep 28 18:49:08 priamoryki NetworkManager[790]: <info>  [1632844148.8152] dhcp4 (wlp0s20f3): option requested_wpad       => '1'
Sep 28 18:49:08 priamoryki NetworkManager[790]: <info>  [1632844148.8153] dhcp4 (wlp0s20f3): option routers              => '192.168.156.2'
Sep 28 18:49:08 priamoryki NetworkManager[790]: <info>  [1632844148.8153] dhcp4 (wlp0s20f3): option subnet_mask          => '255.255.255.0'
Sep 28 18:49:08 priamoryki NetworkManager[790]: <info>  [1632844148.8153] dhcp4 (wlp0s20f3): state changed unknown -> bound
Sep 28 18:49:08 priamoryki NetworkManager[790]: <info>  [1632844148.8163] device (wlp0s20f3): state change: ip-config -> ip-check (reason 'none', sys-iface-state: 'managed')
Sep 28 18:49:08 priamoryki NetworkManager[790]: <info>  [1632844148.8185] device (wlp0s20f3): state change: ip-check -> secondaries (reason 'none', sys-iface-state: 'managed')
Sep 28 18:49:08 priamoryki NetworkManager[790]: <info>  [1632844148.8187] device (wlp0s20f3): state change: secondaries -> activated (reason 'none', sys-iface-state: 'managed')
Sep 28 18:49:08 priamoryki NetworkManager[790]: <info>  [1632844148.8190] manager: NetworkManager state is now CONNECTED_LOCAL
Sep 28 18:49:08 priamoryki NetworkManager[790]: <info>  [1632844148.8207] manager: NetworkManager state is now CONNECTED_SITE
Sep 28 18:49:08 priamoryki NetworkManager[790]: <info>  [1632844148.8208] policy: set 'Redmi' (wlp0s20f3) as default for IPv4 routing and DNS
Sep 28 18:49:08 priamoryki NetworkManager[790]: <info>  [1632844148.8213] device (wlp0s20f3): Activation: successful, device activated.
Sep 28 18:49:09 priamoryki NetworkManager[790]: <info>  [1632844149.2416] agent-manager: agent[67c5587eec77a42b,:1.43/org.gnome.Shell.NetworkAgent/1000]: agent registered
Sep 28 18:49:10 priamoryki NetworkManager[790]: <info>  [1632844150.1396] manager: NetworkManager state is now CONNECTED_GLOBAL
Sep 28 18:49:11 priamoryki NetworkManager[790]: <info>  [1632844151.3797] manager: startup complete
Sep 28 16:04:28 priamoryki NetworkManager[790]: <info>  [1632834268.4760] manager: NetworkManager state is now CONNECTED_SITE
Sep 28 16:04:29 priamoryki NetworkManager[790]: <info>  [1632834269.9213] manager: NetworkManager state is now CONNECTED_GLOBAL
